<?xml version="1.0" encoding="UTF-8"?>
<testsuite xmlns:xsi="http://www.w3.org/2001/XMLSchema-instance" xsi:noNamespaceSchemaLocation="https://maven.apache.org/surefire/maven-surefire-plugin/xsd/surefire-test-report-3.0.xsd" version="3.0" name="com.example.moneymarket.integration.EODIntegrationTest" time="24.137" tests="3" errors="0" skipped="0" failures="0">
  <properties>
[...]
</properties>
  <testcase name="testEODProcessWithDebitCreditMismatch" classname="com.example.moneymarket.integration.EODIntegrationTest" time="0.557">
    <system-out><![CDATA[2026-01-27 17:11:31 [main] INFO  o.s.t.c.s.AnnotationConfigContextLoaderUtils [] - Could not detect default configuration classes for test class [com.example.moneymarket.integration.EODIntegrationTest]: EODIntegrationTest does not declare any static, non-private, non-final, nested classes annotated with @Configuration.
2026-01-27 17:11:31 [main] INFO  o.s.b.t.c.SpringBootTestContextBootstrapper [] - Found @SpringBootConfiguration com.example.moneymarket.MoneyMarketApplication for test class com.example.moneymarket.integration.EODIntegrationTest

  .   ____          _            __ _ _
 /\\ / ___'_ __ _ _(_)_ __  __ _ \ \ \ \
( ( )\___ | '_ | '_| | '_ \/ _` | \ \ \ \
 \\/  ___)| |_)| | | | | || (_| |  ) ) ) )
  '  |____| .__|_| |_|_| |_\__, | / / / /
 =========|_|==============|___/=/_/_/_/
 :: Spring Boot ::                (v3.1.5)

2026-01-27 17:11:31 [main] INFO  c.e.m.integration.EODIntegrationTest [] - Starting EODIntegrationTest using Java 21.0.9 with PID 7712 (started by Administrator in C:\new_cbs3\cbs3\moneymarket)
2026-01-27 17:11:31 [main] DEBUG c.e.m.integration.EODIntegrationTest [] - Running with Spring Boot v3.1.5, Spring v6.0.13
2026-01-27 17:11:31 [main] INFO  c.e.m.integration.EODIntegrationTest [] - The following 1 profile is active: "test"
2026-01-27 17:11:34 [main] INFO  o.s.d.r.c.RepositoryConfigurationDelegate [] - Bootstrapping Spring Data JPA repositories in DEFAULT mode.
2026-01-27 17:11:35 [main] INFO  o.s.d.r.c.RepositoryConfigurationDelegate [] - Finished Spring Data repository scanning in 231 ms. Found 26 JPA repository interfaces.
2026-01-27 17:11:36 [main] INFO  o.h.jpa.internal.util.LogHelper [] - HHH000204: Processing PersistenceUnitInfo [name: default]
2026-01-27 17:11:36 [main] INFO  org.hibernate.Version [] - HHH000412: Hibernate ORM core version 6.2.13.Final
2026-01-27 17:11:36 [main] INFO  org.hibernate.cfg.Environment [] - HHH000406: Using bytecode reflection optimizer
2026-01-27 17:11:37 [main] INFO  o.s.o.j.p.SpringPersistenceUnitInfo [] - No LoadTimeWeaver setup: ignoring JPA class transformer
2026-01-27 17:11:37 [main] INFO  com.zaxxer.hikari.HikariDataSource [] - HikariPool-1 - Starting...
2026-01-27 17:11:37 [main] INFO  com.zaxxer.hikari.pool.HikariPool [] - HikariPool-1 - Added connection conn0: url=jdbc:h2:mem:testdb user=SA
2026-01-27 17:11:37 [main] INFO  com.zaxxer.hikari.HikariDataSource [] - HikariPool-1 - Start completed.
2026-01-27 17:11:37 [main] WARN  org.hibernate.orm.deprecation [] - HHH90000025: H2Dialect does not need to be specified explicitly using 'hibernate.dialect' (remove the property setting and it will be selected by default)
2026-01-27 17:11:41 [main] INFO  o.h.e.t.j.p.i.JtaPlatformInitiator [] - HHH000489: No JTA platform available (set 'hibernate.transaction.jta.platform' to enable JTA platform integration)
2026-01-27 17:11:41 [main] DEBUG org.hibernate.SQL [] - 
    drop table if exists account_seq cascade 
Hibernate: 
    drop table if exists account_seq cascade 
2026-01-27 17:11:41 [main] DEBUG org.hibernate.SQL [] - 
    drop table if exists acct_bal cascade 
Hibernate: 
    drop table if exists acct_bal cascade 
2026-01-27 17:11:41 [main] DEBUG org.hibernate.SQL [] - 
    drop table if exists acct_bal_accrual cascade 
Hibernate: 
    drop table if exists acct_bal_accrual cascade 
2026-01-27 17:11:41 [main] DEBUG org.hibernate.SQL [] - 
    drop table if exists currency_master cascade 
Hibernate: 
    drop table if exists currency_master cascade 
2026-01-27 17:11:41 [main] DEBUG org.hibernate.SQL [] - 
    drop table if exists cust_acct_master cascade 
Hibernate: 
    drop table if exists cust_acct_master cascade 
2026-01-27 17:11:41 [main] DEBUG org.hibernate.SQL [] - 
    drop table if exists cust_master cascade 
Hibernate: 
    drop table if exists cust_master cascade 
2026-01-27 17:11:41 [main] DEBUG org.hibernate.SQL [] - 
    drop table if exists eod_log_table cascade 
Hibernate: 
    drop table if exists eod_log_table cascade 
2026-01-27 17:11:41 [main] DEBUG org.hibernate.SQL [] - 
    drop table if exists fx_rate_master cascade 
Hibernate: 
    drop table if exists fx_rate_master cascade 
2026-01-27 17:11:41 [main] DEBUG org.hibernate.SQL [] - 
    drop table if exists gl_balance cascade 
Hibernate: 
    drop table if exists gl_balance cascade 
2026-01-27 17:11:41 [main] DEBUG org.hibernate.SQL [] - 
    drop table if exists gl_movement cascade 
Hibernate: 
    drop table if exists gl_movement cascade 
2026-01-27 17:11:41 [main] DEBUG org.hibernate.SQL [] - 
    drop table if exists gl_movement_accrual cascade 
Hibernate: 
    drop table if exists gl_movement_accrual cascade 
2026-01-27 17:11:41 [main] DEBUG org.hibernate.SQL [] - 
    drop table if exists gl_setup cascade 
Hibernate: 
    drop table if exists gl_setup cascade 
2026-01-27 17:11:41 [main] DEBUG org.hibernate.SQL [] - 
    drop table if exists interest_rate_master cascade 
Hibernate: 
    drop table if exists interest_rate_master cascade 
2026-01-27 17:11:41 [main] DEBUG org.hibernate.SQL [] - 
    drop table if exists intt_accr_tran cascade 
Hibernate: 
    drop table if exists intt_accr_tran cascade 
2026-01-27 17:11:41 [main] DEBUG org.hibernate.SQL [] - 
    drop table if exists of_acct_master cascade 
Hibernate: 
    drop table if exists of_acct_master cascade 
2026-01-27 17:11:41 [main] DEBUG org.hibernate.SQL [] - 
    drop table if exists parameter_table cascade 
Hibernate: 
    drop table if exists parameter_table cascade 
2026-01-27 17:11:41 [main] DEBUG org.hibernate.SQL [] - 
    drop table if exists prod_master cascade 
Hibernate: 
    drop table if exists prod_master cascade 
2026-01-27 17:11:41 [main] DEBUG org.hibernate.SQL [] - 
    drop table if exists reval_summary cascade 
Hibernate: 
    drop table if exists reval_summary cascade 
2026-01-27 17:11:41 [main] DEBUG org.hibernate.SQL [] - 
    drop table if exists reval_tran cascade 
Hibernate: 
    drop table if exists reval_tran cascade 
2026-01-27 17:11:41 [main] DEBUG org.hibernate.SQL [] - 
    drop table if exists settlement_gain_loss cascade 
Hibernate: 
    drop table if exists settlement_gain_loss cascade 
2026-01-27 17:11:41 [main] DEBUG org.hibernate.SQL [] - 
    drop table if exists sub_prod_master cascade 
Hibernate: 
    drop table if exists sub_prod_master cascade 
2026-01-27 17:11:41 [main] DEBUG org.hibernate.SQL [] - 
    drop table if exists tran_table cascade 
Hibernate: 
    drop table if exists tran_table cascade 
2026-01-27 17:11:41 [main] DEBUG org.hibernate.SQL [] - 
    drop table if exists tran_value_date_log cascade 
Hibernate: 
    drop table if exists tran_value_date_log cascade 
2026-01-27 17:11:41 [main] DEBUG org.hibernate.SQL [] - 
    drop table if exists txn_hist_acct cascade 
Hibernate: 
    drop table if exists txn_hist_acct cascade 
2026-01-27 17:11:41 [main] DEBUG org.hibernate.SQL [] - 
    drop table if exists value_date_intt_accr cascade 
Hibernate: 
    drop table if exists value_date_intt_accr cascade 
2026-01-27 17:11:41 [main] DEBUG org.hibernate.SQL [] - 
    drop table if exists wae_master cascade 
Hibernate: 
    drop table if exists wae_master cascade 
2026-01-27 17:11:41 [main] DEBUG org.hibernate.SQL [] - 
    create table account_seq (
        seq_number integer not null,
        last_updated timestamp(6) not null,
        gl_num varchar(9) not null,
        primary key (gl_num)
    )
Hibernate: 
    create table account_seq (
        seq_number integer not null,
        last_updated timestamp(6) not null,
        gl_num varchar(9) not null,
        primary key (gl_num)
    )
2026-01-27 17:11:41 [main] DEBUG org.hibernate.SQL [] - 
    create table acct_bal (
        account_ccy varchar(3) not null,
        available_balance numeric(20,2) not null,
        closing_bal numeric(20,2),
        cr_summation numeric(20,2),
        current_balance numeric(20,2) not null,
        dr_summation numeric(20,2),
        opening_bal numeric(20,2),
        tran_date date not null,
        last_updated timestamp(6) not null,
        account_no varchar(13) not null,
        primary key (tran_date, account_no)
    )
Hibernate: 
    create table acct_bal (
        account_ccy varchar(3) not null,
        available_balance numeric(20,2) not null,
        closing_bal numeric(20,2),
        cr_summation numeric(20,2),
        current_balance numeric(20,2) not null,
        dr_summation numeric(20,2),
        opening_bal numeric(20,2),
        tran_date date not null,
        last_updated timestamp(6) not null,
        account_no varchar(13) not null,
        primary key (tran_date, account_no)
    )
2026-01-27 17:11:41 [main] DEBUG org.hibernate.SQL [] - 
    create table acct_bal_accrual (
        accrual_date date not null,
        closing_bal numeric(20,2),
        cr_summation numeric(20,2),
        dr_summation numeric(20,2),
        interest_amount numeric(20,2) not null,
        opening_bal numeric(20,2),
        tran_ccy varchar(3) not null,
        tran_date date,
        accr_bal_id bigint generated by default as identity,
        gl_num varchar(9),
        account_no varchar(13) not null,
        primary key (accr_bal_id)
    )
Hibernate: 
    create table acct_bal_accrual (
        accrual_date date not null,
        closing_bal numeric(20,2),
        cr_summation numeric(20,2),
        dr_summation numeric(20,2),
        interest_amount numeric(20,2) not null,
        opening_bal numeric(20,2),
        tran_ccy varchar(3) not null,
        tran_date date,
        accr_bal_id bigint generated by default as identity,
        gl_num varchar(9),
        account_no varchar(13) not null,
        primary key (accr_bal_id)
    )
2026-01-27 17:11:41 [main] DEBUG org.hibernate.SQL [] - 
    create table currency_master (
        ccy_code varchar(3) not null,
        decimal_places integer not null,
        is_active boolean not null,
        is_base_ccy boolean not null,
        ccy_symbol varchar(5),
        created_at timestamp(6) not null,
        updated_at timestamp(6) not null,
        ccy_name varchar(50) not null,
        primary key (ccy_code)
    )
Hibernate: 
    create table currency_master (
        ccy_code varchar(3) not null,
        decimal_places integer not null,
        is_active boolean not null,
        is_base_ccy boolean not null,
        ccy_symbol varchar(5),
        created_at timestamp(6) not null,
        updated_at timestamp(6) not null,
        ccy_name varchar(50) not null,
        primary key (ccy_code)
    )
2026-01-27 17:11:41 [main] DEBUG org.hibernate.SQL [] - 
    create table cust_acct_master (
        account_ccy varchar(3) not null,
        cust_id integer not null,
        date_closure date,
        date_maturity date,
        date_opening date not null,
        loan_limit numeric(18,2),
        sub_product_id integer not null,
        tenor integer,
        branch_code varchar(10) not null,
        account_no varchar(13) not null,
        gl_num varchar(20) not null,
        acct_name varchar(100) not null,
        cust_name varchar(100),
        account_status varchar(255) not null check (account_status in ('Active','Inactive','Closed','Dormant')),
        primary key (account_no)
    )
Hibernate: 
    create table cust_acct_master (
        account_ccy varchar(3) not null,
        cust_id integer not null,
        date_closure date,
        date_maturity date,
        date_opening date not null,
        loan_limit numeric(18,2),
        sub_product_id integer not null,
        tenor integer,
        branch_code varchar(10) not null,
        account_no varchar(13) not null,
        gl_num varchar(20) not null,
        acct_name varchar(100) not null,
        cust_name varchar(100),
        account_status varchar(255) not null check (account_status in ('Active','Inactive','Closed','Dormant')),
        primary key (account_no)
    )
2026-01-27 17:11:42 [main] DEBUG org.hibernate.SQL [] - 
    create table cust_master (
        cust_id integer not null,
        entry_date date not null,
        entry_time time(6) not null,
        verification_date date,
        verification_time time(6),
        branch_code varchar(10),
        mobile varchar(15),
        ext_cust_id varchar(20) not null,
        maker_id varchar(20) not null,
        verifier_id varchar(20),
        first_name varchar(50),
        last_name varchar(50),
        trade_name varchar(100),
        address_1 varchar(200),
        cust_type varchar(255) not null check (cust_type in ('Individual','Corporate','Bank')),
        primary key (cust_id)
    )
Hibernate: 
    create table cust_master (
        cust_id integer not null,
        entry_date date not null,
        entry_time time(6) not null,
        verification_date date,
        verification_time time(6),
        branch_code varchar(10),
        mobile varchar(15),
        ext_cust_id varchar(20) not null,
        maker_id varchar(20) not null,
        verifier_id varchar(20),
        first_name varchar(50),
        last_name varchar(50),
        trade_name varchar(100),
        address_1 varchar(200),
        cust_type varchar(255) not null check (cust_type in ('Individual','Corporate','Bank')),
        primary key (cust_id)
    )
2026-01-27 17:11:42 [main] DEBUG org.hibernate.SQL [] - 
    create table eod_log_table (
        eod_date date not null,
        records_processed integer,
        system_date date not null,
        created_timestamp timestamp(6) not null,
        end_timestamp timestamp(6),
        eod_log_id bigint generated by default as identity,
        start_timestamp timestamp(6) not null,
        user_id varchar(20) not null,
        job_name varchar(50) not null,
        failed_at_step varchar(500),
        error_message TEXT,
        status varchar(255) not null check (status in ('Running','Success','Failed')),
        primary key (eod_log_id)
    )
Hibernate: 
    create table eod_log_table (
        eod_date date not null,
        records_processed integer,
        system_date date not null,
        created_timestamp timestamp(6) not null,
        end_timestamp timestamp(6),
        eod_log_id bigint generated by default as identity,
        start_timestamp timestamp(6) not null,
        user_id varchar(20) not null,
        job_name varchar(50) not null,
        failed_at_step varchar(500),
        error_message TEXT,
        status varchar(255) not null check (status in ('Running','Success','Failed')),
        primary key (eod_log_id)
    )
2026-01-27 17:11:42 [main] DEBUG org.hibernate.SQL [] - 
    create table fx_rate_master (
        buying_rate numeric(10,4) not null,
        mid_rate numeric(10,4) not null,
        selling_rate numeric(10,4) not null,
        created_at timestamp(6) not null,
        last_updated timestamp(6) not null,
        rate_date timestamp(6) not null,
        rate_id bigint generated by default as identity,
        ccy_pair varchar(10) not null,
        source varchar(20),
        uploaded_by varchar(20),
        primary key (rate_id)
    )
Hibernate: 
    create table fx_rate_master (
        buying_rate numeric(10,4) not null,
        mid_rate numeric(10,4) not null,
        selling_rate numeric(10,4) not null,
        created_at timestamp(6) not null,
        last_updated timestamp(6) not null,
        rate_date timestamp(6) not null,
        rate_id bigint generated by default as identity,
        ccy_pair varchar(10) not null,
        source varchar(20),
        uploaded_by varchar(20),
        primary key (rate_id)
    )
2026-01-27 17:11:42 [main] DEBUG org.hibernate.SQL [] - 
    create table gl_balance (
        closing_bal numeric(20,2),
        cr_summation numeric(20,2),
        current_balance numeric(20,2) not null,
        dr_summation numeric(20,2),
        opening_bal numeric(20,2),
        tran_date date not null,
        id bigint generated by default as identity,
        last_updated timestamp(6) not null,
        gl_num varchar(9) not null,
        primary key (id),
        constraint uq_gl_balance_gl_num_tran_date unique (gl_num, tran_date)
    )
Hibernate: 
    create table gl_balance (
        closing_bal numeric(20,2),
        cr_summation numeric(20,2),
        current_balance numeric(20,2) not null,
        dr_summation numeric(20,2),
        opening_bal numeric(20,2),
        tran_date date not null,
        id bigint generated by default as identity,
        last_updated timestamp(6) not null,
        gl_num varchar(9) not null,
        primary key (id),
        constraint uq_gl_balance_gl_num_tran_date unique (gl_num, tran_date)
    )
2026-01-27 17:11:42 [main] DEBUG org.hibernate.SQL [] - 
    create table gl_movement (
        amount numeric(20,2) not null,
        balance_after numeric(20,2) not null,
        fcy_amt numeric(20,2),
        lcy_amt numeric(20,2),
        tran_ccy varchar(3),
        tran_date date not null,
        value_date date not null,
        movement_id bigint generated by default as identity,
        gl_num varchar(9) not null,
        tran_id varchar(20) not null,
        narration varchar(100),
        dr_cr_flag varchar(255) not null check (dr_cr_flag in ('D','C')),
        primary key (movement_id)
    )
Hibernate: 
    create table gl_movement (
        amount numeric(20,2) not null,
        balance_after numeric(20,2) not null,
        fcy_amt numeric(20,2),
        lcy_amt numeric(20,2),
        tran_ccy varchar(3),
        tran_date date not null,
        value_date date not null,
        movement_id bigint generated by default as identity,
        gl_num varchar(9) not null,
        tran_id varchar(20) not null,
        narration varchar(100),
        dr_cr_flag varchar(255) not null check (dr_cr_flag in ('D','C')),
        primary key (movement_id)
    )
2026-01-27 17:11:42 [main] DEBUG org.hibernate.SQL [] - 
    create table gl_movement_accrual (
        accrual_date date not null,
        amount numeric(20,2) not null,
        exchange_rate numeric(10,4),
        fcy_amt numeric(20,2),
        lcy_amt numeric(20,2),
        tran_ccy varchar(3),
        tran_date date,
        movement_id bigint generated by default as identity,
        gl_num varchar(9) not null,
        accr_tran_id varchar(20) not null,
        tran_id varchar(20),
        narration varchar(100),
        dr_cr_flag varchar(255) not null check (dr_cr_flag in ('D','C')),
        status varchar(255) not null check (status in ('Pending','Posted','Verified')),
        primary key (movement_id)
    )
Hibernate: 
    create table gl_movement_accrual (
        accrual_date date not null,
        amount numeric(20,2) not null,
        exchange_rate numeric(10,4),
        fcy_amt numeric(20,2),
        lcy_amt numeric(20,2),
        tran_ccy varchar(3),
        tran_date date,
        movement_id bigint generated by default as identity,
        gl_num varchar(9) not null,
        accr_tran_id varchar(20) not null,
        tran_id varchar(20),
        narration varchar(100),
        dr_cr_flag varchar(255) not null check (dr_cr_flag in ('D','C')),
        status varchar(255) not null check (status in ('Pending','Posted','Verified')),
        primary key (movement_id)
    )
2026-01-27 17:11:42 [main] DEBUG org.hibernate.SQL [] - 
    create table gl_setup (
        layer_id integer,
        gl_num varchar(9) not null,
        layer_gl_num varchar(9),
        parent_gl_num varchar(9),
        gl_name varchar(50),
        primary key (gl_num)
    )
Hibernate: 
    create table gl_setup (
        layer_id integer,
        gl_num varchar(9) not null,
        layer_gl_num varchar(9),
        parent_gl_num varchar(9),
        gl_name varchar(50),
        primary key (gl_num)
    )
2026-01-27 17:11:42 [main] DEBUG org.hibernate.SQL [] - 
    create table interest_rate_master (
        intt_effctv_date date not null,
        intt_rate numeric(5,2) not null,
        intt_code varchar(20) not null,
        primary key (intt_code)
    )
Hibernate: 
    create table interest_rate_master (
        intt_effctv_date date not null,
        intt_rate numeric(5,2) not null,
        intt_code varchar(20) not null,
        primary key (intt_code)
    )
2026-01-27 17:11:42 [main] DEBUG org.hibernate.SQL [] - 
    create table intt_accr_tran (
        accrual_date date not null,
        amount numeric(20,2) not null,
        exchange_rate numeric(10,4),
        fcy_amt numeric(20,2),
        interest_rate numeric(10,4) not null,
        lcy_amt numeric(20,2),
        tran_ccy varchar(3),
        tran_date date,
        value_date date,
        account_no varchar(13) not null,
        accr_tran_id varchar(20) not null,
        gl_account_no varchar(20),
        udf1 varchar(50),
        narration varchar(100),
        dr_cr_flag varchar(255) check (dr_cr_flag in ('D','C')),
        original_dr_cr_flag varchar(255) check (original_dr_cr_flag in ('D','C')),
        status varchar(255) not null check (status in ('Pending','Posted','Verified')),
        tran_status varchar(255) check (tran_status in ('Entry','Posted','Verified','Future')),
        primary key (accr_tran_id)
    )
Hibernate: 
    create table intt_accr_tran (
        accrual_date date not null,
        amount numeric(20,2) not null,
        exchange_rate numeric(10,4),
        fcy_amt numeric(20,2),
        interest_rate numeric(10,4) not null,
        lcy_amt numeric(20,2),
        tran_ccy varchar(3),
        tran_date date,
        value_date date,
        account_no varchar(13) not null,
        accr_tran_id varchar(20) not null,
        gl_account_no varchar(20),
        udf1 varchar(50),
        narration varchar(100),
        dr_cr_flag varchar(255) check (dr_cr_flag in ('D','C')),
        original_dr_cr_flag varchar(255) check (original_dr_cr_flag in ('D','C')),
        status varchar(255) not null check (status in ('Pending','Posted','Verified')),
        tran_status varchar(255) check (tran_status in ('Entry','Posted','Verified','Future')),
        primary key (accr_tran_id)
    )
2026-01-27 17:11:42 [main] DEBUG org.hibernate.SQL [] - 
    create table of_acct_master (
        account_ccy varchar(3) not null,
        date_closure date,
        date_opening date not null,
        reconciliation_required boolean not null,
        sub_product_id integer not null,
        branch_code varchar(10) not null,
        account_no varchar(13) not null,
        gl_num varchar(20) not null,
        acct_name varchar(100) not null,
        account_status varchar(255) not null check (account_status in ('Active','Inactive','Closed')),
        primary key (account_no)
    )
Hibernate: 
    create table of_acct_master (
        account_ccy varchar(3) not null,
        date_closure date,
        date_opening date not null,
        reconciliation_required boolean not null,
        sub_product_id integer not null,
        branch_code varchar(10) not null,
        account_no varchar(13) not null,
        gl_num varchar(20) not null,
        acct_name varchar(100) not null,
        account_status varchar(255) not null check (account_status in ('Active','Inactive','Closed')),
        primary key (account_no)
    )
2026-01-27 17:11:42 [main] DEBUG org.hibernate.SQL [] - 
    create table parameter_table (
        parameter_id integer generated by default as identity,
        last_updated timestamp(6) not null,
        updated_by varchar(20) not null,
        parameter_name varchar(50) not null unique,
        parameter_value varchar(100) not null,
        parameter_description varchar(200),
        primary key (parameter_id)
    )
Hibernate: 
    create table parameter_table (
        parameter_id integer generated by default as identity,
        last_updated timestamp(6) not null,
        updated_by varchar(20) not null,
        parameter_name varchar(50) not null unique,
        parameter_value varchar(100) not null,
        parameter_description varchar(200),
        primary key (parameter_id)
    )
2026-01-27 17:11:42 [main] DEBUG org.hibernate.SQL [] - 
    create table prod_master (
        currency varchar(3),
        customer_product_flag boolean,
        entry_date date not null,
        entry_time time(6) not null,
        interest_bearing_flag boolean,
        product_id integer generated by default as identity,
        verification_date date,
        verification_time time(6),
        deal_or_running varchar(10),
        product_code varchar(10) not null unique,
        cum_gl_num varchar(20) not null,
        maker_id varchar(20) not null,
        verifier_id varchar(20),
        product_name varchar(50) not null,
        primary key (product_id)
    )
Hibernate: 
    create table prod_master (
        currency varchar(3),
        customer_product_flag boolean,
        entry_date date not null,
        entry_time time(6) not null,
        interest_bearing_flag boolean,
        product_id integer generated by default as identity,
        verification_date date,
        verification_time time(6),
        deal_or_running varchar(10),
        product_code varchar(10) not null unique,
        cum_gl_num varchar(20) not null,
        maker_id varchar(20) not null,
        verifier_id varchar(20),
        product_name varchar(50) not null,
        primary key (product_id)
    )
2026-01-27 17:11:42 [main] DEBUG org.hibernate.SQL [] - 
    create table reval_summary (
        customer_accounts integer not null,
        duration_seconds integer,
        gl_accounts integer not null,
        net_reval numeric(20,2) not null,
        reval_date date not null unique,
        reversal_duration_seconds integer,
        total_accounts integer not null,
        total_gain numeric(20,2) not null,
        total_loss numeric(20,2) not null,
        created_on timestamp(6) not null,
        end_time timestamp(6),
        last_updated timestamp(6),
        reversed_on timestamp(6),
        start_time timestamp(6) not null,
        summary_id bigint generated by default as identity,
        executed_by varchar(20) not null,
        status varchar(20) not null,
        error_message TEXT,
        primary key (summary_id)
    )
Hibernate: 
    create table reval_summary (
        customer_accounts integer not null,
        duration_seconds integer,
        gl_accounts integer not null,
        net_reval numeric(20,2) not null,
        reval_date date not null unique,
        reversal_duration_seconds integer,
        total_accounts integer not null,
        total_gain numeric(20,2) not null,
        total_loss numeric(20,2) not null,
        created_on timestamp(6) not null,
        end_time timestamp(6),
        last_updated timestamp(6),
        reversed_on timestamp(6),
        start_time timestamp(6) not null,
        summary_id bigint generated by default as identity,
        executed_by varchar(20) not null,
        status varchar(20) not null,
        error_message TEXT,
        primary key (summary_id)
    )
2026-01-27 17:11:42 [main] DEBUG org.hibernate.SQL [] - 
    create table reval_tran (
        booked_lcy numeric(20,2) not null,
        ccy_code varchar(3) not null,
        fcy_balance numeric(20,2) not null,
        mid_rate numeric(10,4) not null,
        mtm_lcy numeric(20,2) not null,
        reval_date date not null,
        reval_diff numeric(20,2) not null,
        created_on timestamp(6) not null,
        reval_id bigint generated by default as identity,
        reversed_on timestamp(6),
        acct_num varchar(20) not null,
        reval_gl varchar(20) not null,
        reversal_tran_id varchar(20),
        status varchar(20) not null,
        tran_id varchar(20),
        primary key (reval_id)
    )
Hibernate: 
    create table reval_tran (
        booked_lcy numeric(20,2) not null,
        ccy_code varchar(3) not null,
        fcy_balance numeric(20,2) not null,
        mid_rate numeric(10,4) not null,
        mtm_lcy numeric(20,2) not null,
        reval_date date not null,
        reval_diff numeric(20,2) not null,
        created_on timestamp(6) not null,
        reval_id bigint generated by default as identity,
        reversed_on timestamp(6),
        acct_num varchar(20) not null,
        reval_gl varchar(20) not null,
        reversal_tran_id varchar(20),
        status varchar(20) not null,
        tran_id varchar(20),
        primary key (reval_id)
    )
2026-01-27 17:11:42 [main] DEBUG org.hibernate.SQL [] - 
    create table settlement_gain_loss (
        currency varchar(3) not null,
        deal_rate numeric(10,4) not null,
        fcy_amt numeric(20,2) not null,
        settlement_amt numeric(20,2) not null,
        settlement_type varchar(4) not null,
        tran_date date not null,
        value_date date not null,
        wae_rate numeric(10,4) not null,
        created_on timestamp(6) not null,
        last_updated timestamp(6),
        posted_on timestamp(6) not null,
        reversal_id bigint,
        reversed_on timestamp(6),
        settlement_id bigint generated by default as identity,
        account_no varchar(20) not null,
        entry5_tran_id varchar(20),
        entry6_tran_id varchar(20),
        position_gl varchar(20) not null,
        posted_by varchar(20) not null,
        settlement_gl varchar(20) not null,
        status varchar(20) not null,
        tran_id varchar(20) not null,
        account_name varchar(100),
        narration varchar(500),
        primary key (settlement_id)
    )
Hibernate: 
    create table settlement_gain_loss (
        currency varchar(3) not null,
        deal_rate numeric(10,4) not null,
        fcy_amt numeric(20,2) not null,
        settlement_amt numeric(20,2) not null,
        settlement_type varchar(4) not null,
        tran_date date not null,
        value_date date not null,
        wae_rate numeric(10,4) not null,
        created_on timestamp(6) not null,
        last_updated timestamp(6),
        posted_on timestamp(6) not null,
        reversal_id bigint,
        reversed_on timestamp(6),
        settlement_id bigint generated by default as identity,
        account_no varchar(20) not null,
        entry5_tran_id varchar(20),
        entry6_tran_id varchar(20),
        position_gl varchar(20) not null,
        posted_by varchar(20) not null,
        settlement_gl varchar(20) not null,
        status varchar(20) not null,
        tran_id varchar(20) not null,
        account_name varchar(100),
        narration varchar(500),
        primary key (settlement_id)
    )
2026-01-27 17:11:42 [main] DEBUG org.hibernate.SQL [] - 
    create table sub_prod_master (
        effective_interest_rate numeric(10,4),
        entry_date date not null,
        entry_time time(6) not null,
        interest_increment numeric(10,4),
        product_id integer not null,
        sub_product_id integer generated by default as identity,
        verification_date date,
        verification_time time(6),
        cum_gl_num varchar(10) not null,
        ext_gl_num varchar(10),
        sub_product_code varchar(10) not null unique,
        interest_income_payable_gl_num varchar(20),
        interest_receivable_expenditure_gl_num varchar(20),
        intt_code varchar(20),
        maker_id varchar(20) not null,
        verifier_id varchar(20),
        sub_product_name varchar(50) not null,
        sub_product_status varchar(255) not null check (sub_product_status in ('Active','Inactive','Deactive')),
        primary key (sub_product_id)
    )
Hibernate: 
    create table sub_prod_master (
        effective_interest_rate numeric(10,4),
        entry_date date not null,
        entry_time time(6) not null,
        interest_increment numeric(10,4),
        product_id integer not null,
        sub_product_id integer generated by default as identity,
        verification_date date,
        verification_time time(6),
        cum_gl_num varchar(10) not null,
        ext_gl_num varchar(10),
        sub_product_code varchar(10) not null unique,
        interest_income_payable_gl_num varchar(20),
        interest_receivable_expenditure_gl_num varchar(20),
        intt_code varchar(20),
        maker_id varchar(20) not null,
        verifier_id varchar(20),
        sub_product_name varchar(50) not null,
        sub_product_status varchar(255) not null check (sub_product_status in ('Active','Inactive','Deactive')),
        primary key (sub_product_id)
    )
2026-01-27 17:11:42 [main] DEBUG org.hibernate.SQL [] - 
    create table tran_table (
        credit_amount numeric(20,2),
        debit_amount numeric(20,2),
        exchange_rate numeric(10,4) not null,
        fcy_amt numeric(20,2) not null,
        lcy_amt numeric(20,2) not null,
        pointing_id integer,
        tran_ccy varchar(3) not null,
        tran_date date not null,
        value_date date not null,
        account_no varchar(20) not null,
        tran_id varchar(20) not null,
        udf1 varchar(50),
        narration varchar(100),
        dr_cr_flag varchar(255) not null check (dr_cr_flag in ('D','C')),
        tran_status varchar(255) not null check (tran_status in ('Entry','Posted','Verified','Future')),
        primary key (tran_id)
    )
Hibernate: 
    create table tran_table (
        credit_amount numeric(20,2),
        debit_amount numeric(20,2),
        exchange_rate numeric(10,4) not null,
        fcy_amt numeric(20,2) not null,
        lcy_amt numeric(20,2) not null,
        pointing_id integer,
        tran_ccy varchar(3) not null,
        tran_date date not null,
        value_date date not null,
        account_no varchar(20) not null,
        tran_id varchar(20) not null,
        udf1 varchar(50),
        narration varchar(100),
        dr_cr_flag varchar(255) not null check (dr_cr_flag in ('D','C')),
        tran_status varchar(255) not null check (tran_status in ('Entry','Posted','Verified','Future')),
        primary key (tran_id)
    )
2026-01-27 17:11:42 [main] DEBUG org.hibernate.SQL [] - 
    create table tran_value_date_log (
        adjustment_posted_flag varchar(1),
        days_difference integer not null,
        delta_interest_amt numeric(20,4),
        value_date date not null,
        created_timestamp timestamp(6) not null,
        log_id bigint generated by default as identity,
        tran_id varchar(20) not null,
        primary key (log_id)
    )
Hibernate: 
    create table tran_value_date_log (
        adjustment_posted_flag varchar(1),
        days_difference integer not null,
        delta_interest_amt numeric(20,4),
        value_date date not null,
        created_timestamp timestamp(6) not null,
        log_id bigint generated by default as identity,
        tran_id varchar(20) not null,
        primary key (log_id)
    )
2026-01-27 17:11:42 [main] DEBUG org.hibernate.SQL [] - 
    create table txn_hist_acct (
        balance_after_tran numeric(20,2) not null,
        currency_code varchar(3),
        opening_balance numeric(20,2) not null,
        rcre_date date not null,
        rcre_time time(6) not null,
        tran_amt numeric(20,2) not null,
        tran_date date not null,
        tran_sl_no integer not null,
        value_date date not null,
        hist_id bigint generated by default as identity,
        gl_num varchar(9),
        branch_id varchar(10) not null,
        acc_no varchar(13) not null,
        auth_user_id varchar(20),
        entry_user_id varchar(20) not null,
        tran_id varchar(20) not null,
        narration varchar(100),
        tran_type ENUM('D', 'C') not null check (tran_type in ('D','C')),
        primary key (hist_id)
    )
Hibernate: 
    create table txn_hist_acct (
        balance_after_tran numeric(20,2) not null,
        currency_code varchar(3),
        opening_balance numeric(20,2) not null,
        rcre_date date not null,
        rcre_time time(6) not null,
        tran_amt numeric(20,2) not null,
        tran_date date not null,
        tran_sl_no integer not null,
        value_date date not null,
        hist_id bigint generated by default as identity,
        gl_num varchar(9),
        branch_id varchar(10) not null,
        acc_no varchar(13) not null,
        auth_user_id varchar(20),
        entry_user_id varchar(20) not null,
        tran_id varchar(20) not null,
        narration varchar(100),
        tran_type ENUM('D', 'C') not null check (tran_type in ('D','C')),
        primary key (hist_id)
    )
2026-01-27 17:11:42 [main] DEBUG org.hibernate.SQL [] - 
    create table value_date_intt_accr (
        accrual_date date not null,
        amount numeric(20,2) not null,
        day_gap integer,
        exchange_rate numeric(10,4),
        fcy_amt numeric(20,2),
        interest_rate numeric(10,4) not null,
        lcy_amt numeric(20,2),
        tran_ccy varchar(3),
        tran_date date,
        value_date date,
        account_no varchar(13) not null,
        accr_tran_id varchar(20) not null,
        gl_account_no varchar(20),
        tran_id varchar(20),
        udf1 varchar(50),
        narration varchar(100),
        dr_cr_flag varchar(255) check (dr_cr_flag in ('D','C')),
        original_dr_cr_flag varchar(255) check (original_dr_cr_flag in ('D','C')),
        status varchar(255) not null check (status in ('Pending','Posted','Verified')),
        tran_status varchar(255) check (tran_status in ('Entry','Posted','Verified','Future')),
        primary key (accr_tran_id)
    )
Hibernate: 
    create table value_date_intt_accr (
        accrual_date date not null,
        amount numeric(20,2) not null,
        day_gap integer,
        exchange_rate numeric(10,4),
        fcy_amt numeric(20,2),
        interest_rate numeric(10,4) not null,
        lcy_amt numeric(20,2),
        tran_ccy varchar(3),
        tran_date date,
        value_date date,
        account_no varchar(13) not null,
        accr_tran_id varchar(20) not null,
        gl_account_no varchar(20),
        tran_id varchar(20),
        udf1 varchar(50),
        narration varchar(100),
        dr_cr_flag varchar(255) check (dr_cr_flag in ('D','C')),
        original_dr_cr_flag varchar(255) check (original_dr_cr_flag in ('D','C')),
        status varchar(255) not null check (status in ('Pending','Posted','Verified')),
        tran_status varchar(255) check (tran_status in ('Entry','Posted','Verified','Future')),
        primary key (accr_tran_id)
    )
2026-01-27 17:11:42 [main] DEBUG org.hibernate.SQL [] - 
    create table wae_master (
        fcy_balance numeric(20,2) not null,
        lcy_balance numeric(20,2) not null,
        wae_rate numeric(10,4) not null,
        updated_on timestamp(6) not null,
        wae_id bigint generated by default as identity,
        ccy_pair varchar(10) not null unique,
        source_gl varchar(20),
        primary key (wae_id)
    )
Hibernate: 
    create table wae_master (
        fcy_balance numeric(20,2) not null,
        lcy_balance numeric(20,2) not null,
        wae_rate numeric(10,4) not null,
        updated_on timestamp(6) not null,
        wae_id bigint generated by default as identity,
        ccy_pair varchar(10) not null unique,
        source_gl varchar(20),
        primary key (wae_id)
    )
2026-01-27 17:11:42 [main] DEBUG org.hibernate.SQL [] - 
    create index idx_reval_summary_date 
       on reval_summary (reval_date)
Hibernate: 
    create index idx_reval_summary_date 
       on reval_summary (reval_date)
2026-01-27 17:11:42 [main] DEBUG org.hibernate.SQL [] - 
    create index idx_reval_summary_status 
       on reval_summary (status)
Hibernate: 
    create index idx_reval_summary_status 
       on reval_summary (status)
2026-01-27 17:11:42 [main] DEBUG org.hibernate.SQL [] - 
    create index idx_reval_date 
       on reval_tran (reval_date)
Hibernate: 
    create index idx_reval_date 
       on reval_tran (reval_date)
2026-01-27 17:11:42 [main] DEBUG org.hibernate.SQL [] - 
    create index idx_acct_num 
       on reval_tran (acct_num)
Hibernate: 
    create index idx_acct_num 
       on reval_tran (acct_num)
2026-01-27 17:11:42 [main] DEBUG org.hibernate.SQL [] - 
    create index idx_status 
       on reval_tran (status)
Hibernate: 
    create index idx_status 
       on reval_tran (status)
2026-01-27 17:11:42 [main] DEBUG org.hibernate.SQL [] - 
    create index idx_tran_id 
       on reval_tran (tran_id)
Hibernate: 
    create index idx_tran_id 
       on reval_tran (tran_id)
2026-01-27 17:11:42 [main] DEBUG org.hibernate.SQL [] - 
    create index idx_settlement_tran_id 
       on settlement_gain_loss (tran_id)
Hibernate: 
    create index idx_settlement_tran_id 
       on settlement_gain_loss (tran_id)
2026-01-27 17:11:42 [main] DEBUG org.hibernate.SQL [] - 
    create index idx_settlement_account 
       on settlement_gain_loss (account_no)
Hibernate: 
    create index idx_settlement_account 
       on settlement_gain_loss (account_no)
2026-01-27 17:11:42 [main] DEBUG org.hibernate.SQL [] - 
    create index idx_settlement_date 
       on settlement_gain_loss (tran_date)
Hibernate: 
    create index idx_settlement_date 
       on settlement_gain_loss (tran_date)
2026-01-27 17:11:42 [main] DEBUG org.hibernate.SQL [] - 
    create index idx_settlement_currency 
       on settlement_gain_loss (currency)
Hibernate: 
    create index idx_settlement_currency 
       on settlement_gain_loss (currency)
2026-01-27 17:11:42 [main] DEBUG org.hibernate.SQL [] - 
    create index idx_settlement_status 
       on settlement_gain_loss (status)
Hibernate: 
    create index idx_settlement_status 
       on settlement_gain_loss (status)
2026-01-27 17:11:42 [main] DEBUG org.hibernate.SQL [] - 
    create index idx_settlement_type 
       on settlement_gain_loss (settlement_type)
Hibernate: 
    create index idx_settlement_type 
       on settlement_gain_loss (settlement_type)
2026-01-27 17:11:42 [main] DEBUG org.hibernate.SQL [] - 
    create index idx_acc_no 
       on txn_hist_acct (acc_no)
Hibernate: 
    create index idx_acc_no 
       on txn_hist_acct (acc_no)
2026-01-27 17:11:42 [main] DEBUG org.hibernate.SQL [] - 
    create index idx_tran_date 
       on txn_hist_acct (tran_date)
Hibernate: 
    create index idx_tran_date 
       on txn_hist_acct (tran_date)
2026-01-27 17:11:42 [main] DEBUG org.hibernate.SQL [] - 
    create index idx_acc_tran_date 
       on txn_hist_acct (acc_no, tran_date)
Hibernate: 
    create index idx_acc_tran_date 
       on txn_hist_acct (acc_no, tran_date)
2026-01-27 17:11:42 [main] DEBUG org.hibernate.SQL [] - 
    create index idx_tran_id 
       on txn_hist_acct (tran_id)
Hibernate: 
    create index idx_tran_id 
       on txn_hist_acct (tran_id)
2026-01-27 17:11:42 [main] WARN  o.h.t.s.i.ExceptionHandlerLoggedImpl [] - GenerationTarget encountered exception accepting command : Error executing DDL "
    create index idx_tran_id 
       on txn_hist_acct (tran_id)" via JDBC [Index "IDX_TRAN_ID" already exists;]
org.hibernate.tool.schema.spi.CommandAcceptanceException: Error executing DDL "
    create index idx_tran_id 
       on txn_hist_acct (tran_id)" via JDBC [Index "IDX_TRAN_ID" already exists;]
	at org.hibernate.tool.schema.internal.exec.GenerationTargetToDatabase.accept(GenerationTargetToDatabase.java:94) ~[hibernate-core-6.2.13.Final.jar:6.2.13.Final]
	at org.hibernate.tool.schema.internal.Helper.applySqlString(Helper.java:233) ~[hibernate-core-6.2.13.Final.jar:6.2.13.Final]
	at org.hibernate.tool.schema.internal.Helper.applySqlStrings(Helper.java:217) ~[hibernate-core-6.2.13.Final.jar:6.2.13.Final]
	at org.hibernate.tool.schema.internal.SchemaCreatorImpl.createTableConstraints(SchemaCreatorImpl.java:383) ~[hibernate-core-6.2.13.Final.jar:6.2.13.Final]
	at org.hibernate.tool.schema.internal.SchemaCreatorImpl.createSequencesTablesConstraints(SchemaCreatorImpl.java:351) ~[hibernate-core-6.2.13.Final.jar:6.2.13.Final]
	at org.hibernate.tool.schema.internal.SchemaCreatorImpl.createFromMetadata(SchemaCreatorImpl.java:239) ~[hibernate-core-6.2.13.Final.jar:6.2.13.Final]
	at org.hibernate.tool.schema.internal.SchemaCreatorImpl.performCreation(SchemaCreatorImpl.java:172) ~[hibernate-core-6.2.13.Final.jar:6.2.13.Final]
	at org.hibernate.tool.schema.internal.SchemaCreatorImpl.doCreation(SchemaCreatorImpl.java:142) ~[hibernate-core-6.2.13.Final.jar:6.2.13.Final]
	at org.hibernate.tool.schema.internal.SchemaCreatorImpl.doCreation(SchemaCreatorImpl.java:118) ~[hibernate-core-6.2.13.Final.jar:6.2.13.Final]
	at org.hibernate.tool.schema.spi.SchemaManagementToolCoordinator.performDatabaseAction(SchemaManagementToolCoordinator.java:254) ~[hibernate-core-6.2.13.Final.jar:6.2.13.Final]
	at org.hibernate.tool.schema.spi.SchemaManagementToolCoordinator.lambda$process$5(SchemaManagementToolCoordinator.java:143) ~[hibernate-core-6.2.13.Final.jar:6.2.13.Final]
	at java.base/java.util.HashMap.forEach(HashMap.java:1429) ~[na:na]
	at org.hibernate.tool.schema.spi.SchemaManagementToolCoordinator.process(SchemaManagementToolCoordinator.java:140) ~[hibernate-core-6.2.13.Final.jar:6.2.13.Final]
	at org.hibernate.boot.internal.SessionFactoryObserverForSchemaExport.sessionFactoryCreated(SessionFactoryObserverForSchemaExport.java:37) ~[hibernate-core-6.2.13.Final.jar:6.2.13.Final]
	at org.hibernate.internal.SessionFactoryObserverChain.sessionFactoryCreated(SessionFactoryObserverChain.java:35) ~[hibernate-core-6.2.13.Final.jar:6.2.13.Final]
	at org.hibernate.internal.SessionFactoryImpl.<init>(SessionFactoryImpl.java:293) ~[hibernate-core-6.2.13.Final.jar:6.2.13.Final]
	at org.hibernate.boot.internal.SessionFactoryBuilderImpl.build(SessionFactoryBuilderImpl.java:444) ~[hibernate-core-6.2.13.Final.jar:6.2.13.Final]
	at org.hibernate.jpa.boot.internal.EntityManagerFactoryBuilderImpl.build(EntityManagerFactoryBuilderImpl.java:1458) ~[hibernate-core-6.2.13.Final.jar:6.2.13.Final]
	at org.springframework.orm.jpa.vendor.SpringHibernateJpaPersistenceProvider.createContainerEntityManagerFactory(SpringHibernateJpaPersistenceProvider.java:75) ~[spring-orm-6.0.13.jar:6.0.13]
	at org.springframework.orm.jpa.LocalContainerEntityManagerFactoryBean.createNativeEntityManagerFactory(LocalContainerEntityManagerFactoryBean.java:376) ~[spring-orm-6.0.13.jar:6.0.13]
	at org.springframework.orm.jpa.AbstractEntityManagerFactoryBean.buildNativeEntityManagerFactory(AbstractEntityManagerFactoryBean.java:409) ~[spring-orm-6.0.13.jar:6.0.13]
	at org.springframework.orm.jpa.AbstractEntityManagerFactoryBean.afterPropertiesSet(AbstractEntityManagerFactoryBean.java:396) ~[spring-orm-6.0.13.jar:6.0.13]
	at org.springframework.orm.jpa.LocalContainerEntityManagerFactoryBean.afterPropertiesSet(LocalContainerEntityManagerFactoryBean.java:352) ~[spring-orm-6.0.13.jar:6.0.13]
	at org.springframework.beans.factory.support.AbstractAutowireCapableBeanFactory.invokeInitMethods(AbstractAutowireCapableBeanFactory.java:1817) ~[spring-beans-6.0.13.jar:6.0.13]
	at org.springframework.beans.factory.support.AbstractAutowireCapableBeanFactory.initializeBean(AbstractAutowireCapableBeanFactory.java:1766) ~[spring-beans-6.0.13.jar:6.0.13]
	at org.springframework.beans.factory.support.AbstractAutowireCapableBeanFactory.doCreateBean(AbstractAutowireCapableBeanFactory.java:598) ~[spring-beans-6.0.13.jar:6.0.13]
	at org.springframework.beans.factory.support.AbstractAutowireCapableBeanFactory.createBean(AbstractAutowireCapableBeanFactory.java:520) ~[spring-beans-6.0.13.jar:6.0.13]
	at org.springframework.beans.factory.support.AbstractBeanFactory.lambda$doGetBean$0(AbstractBeanFactory.java:325) ~[spring-beans-6.0.13.jar:6.0.13]
	at org.springframework.beans.factory.support.DefaultSingletonBeanRegistry.getSingleton(DefaultSingletonBeanRegistry.java:234) ~[spring-beans-6.0.13.jar:6.0.13]
	at org.springframework.beans.factory.support.AbstractBeanFactory.doGetBean(AbstractBeanFactory.java:323) ~[spring-beans-6.0.13.jar:6.0.13]
	at org.springframework.beans.factory.support.AbstractBeanFactory.getBean(AbstractBeanFactory.java:199) ~[spring-beans-6.0.13.jar:6.0.13]
	at org.springframework.context.support.AbstractApplicationContext.getBean(AbstractApplicationContext.java:1166) ~[spring-context-6.0.13.jar:6.0.13]
	at org.springframework.context.support.AbstractApplicationContext.finishBeanFactoryInitialization(AbstractApplicationContext.java:940) ~[spring-context-6.0.13.jar:6.0.13]
	at org.springframework.context.support.AbstractApplicationContext.refresh(AbstractApplicationContext.java:616) ~[spring-context-6.0.13.jar:6.0.13]
	at org.springframework.boot.SpringApplication.refresh(SpringApplication.java:738) ~[spring-boot-3.1.5.jar:3.1.5]
	at org.springframework.boot.SpringApplication.refreshContext(SpringApplication.java:440) ~[spring-boot-3.1.5.jar:3.1.5]
	at org.springframework.boot.SpringApplication.run(SpringApplication.java:316) ~[spring-boot-3.1.5.jar:3.1.5]
	at org.springframework.boot.test.context.SpringBootContextLoader.lambda$loadContext$3(SpringBootContextLoader.java:137) ~[spring-boot-test-3.1.5.jar:3.1.5]
	at org.springframework.util.function.ThrowingSupplier.get(ThrowingSupplier.java:58) ~[spring-core-6.0.13.jar:6.0.13]
	at org.springframework.util.function.ThrowingSupplier.get(ThrowingSupplier.java:46) ~[spring-core-6.0.13.jar:6.0.13]
	at org.springframework.boot.SpringApplication.withHook(SpringApplication.java:1406) ~[spring-boot-3.1.5.jar:3.1.5]
	at org.springframework.boot.test.context.SpringBootContextLoader$ContextLoaderHook.run(SpringBootContextLoader.java:545) ~[spring-boot-test-3.1.5.jar:3.1.5]
	at org.springframework.boot.test.context.SpringBootContextLoader.loadContext(SpringBootContextLoader.java:137) ~[spring-boot-test-3.1.5.jar:3.1.5]
	at org.springframework.boot.test.context.SpringBootContextLoader.loadContext(SpringBootContextLoader.java:108) ~[spring-boot-test-3.1.5.jar:3.1.5]
	at org.springframework.test.context.cache.DefaultCacheAwareContextLoaderDelegate.loadContextInternal(DefaultCacheAwareContextLoaderDelegate.java:187) ~[spring-test-6.0.13.jar:6.0.13]
	at org.springframework.test.context.cache.DefaultCacheAwareContextLoaderDelegate.loadContext(DefaultCacheAwareContextLoaderDelegate.java:119) ~[spring-test-6.0.13.jar:6.0.13]
	at org.springframework.test.context.support.DefaultTestContext.getApplicationContext(DefaultTestContext.java:127) ~[spring-test-6.0.13.jar:6.0.13]
	at org.springframework.test.context.web.ServletTestExecutionListener.setUpRequestContextIfNecessary(ServletTestExecutionListener.java:191) ~[spring-test-6.0.13.jar:6.0.13]
	at org.springframework.test.context.web.ServletTestExecutionListener.prepareTestInstance(ServletTestExecutionListener.java:130) ~[spring-test-6.0.13.jar:6.0.13]
	at org.springframework.test.context.TestContextManager.prepareTestInstance(TestContextManager.java:241) ~[spring-test-6.0.13.jar:6.0.13]
	at org.springframework.test.context.junit.jupiter.SpringExtension.postProcessTestInstance(SpringExtension.java:138) ~[spring-test-6.0.13.jar:6.0.13]
	at org.junit.jupiter.engine.descriptor.ClassBasedTestDescriptor.lambda$invokeTestInstancePostProcessors$10(ClassBasedTestDescriptor.java:377) ~[junit-jupiter-engine-5.9.3.jar:5.9.3]
	at org.junit.jupiter.engine.descriptor.ClassBasedTestDescriptor.executeAndMaskThrowable(ClassBasedTestDescriptor.java:382) ~[junit-jupiter-engine-5.9.3.jar:5.9.3]
	at org.junit.jupiter.engine.descriptor.ClassBasedTestDescriptor.lambda$invokeTestInstancePostProcessors$11(ClassBasedTestDescriptor.java:377) ~[junit-jupiter-engine-5.9.3.jar:5.9.3]
	at java.base/java.util.stream.ReferencePipeline$3$1.accept(ReferencePipeline.java:197) ~[na:na]
	at java.base/java.util.stream.ReferencePipeline$2$1.accept(ReferencePipeline.java:179) ~[na:na]
	at java.base/java.util.ArrayList$ArrayListSpliterator.forEachRemaining(ArrayList.java:1708) ~[na:na]
	at java.base/java.util.stream.AbstractPipeline.copyInto(AbstractPipeline.java:509) ~[na:na]
	at java.base/java.util.stream.AbstractPipeline.wrapAndCopyInto(AbstractPipeline.java:499) ~[na:na]
	at java.base/java.util.stream.StreamSpliterators$WrappingSpliterator.forEachRemaining(StreamSpliterators.java:310) ~[na:na]
	at java.base/java.util.stream.Streams$ConcatSpliterator.forEachRemaining(Streams.java:735) ~[na:na]
	at java.base/java.util.stream.Streams$ConcatSpliterator.forEachRemaining(Streams.java:734) ~[na:na]
	at java.base/java.util.stream.ReferencePipeline$Head.forEach(ReferencePipeline.java:762) ~[na:na]
	at org.junit.jupiter.engine.descriptor.ClassBasedTestDescriptor.invokeTestInstancePostProcessors(ClassBasedTestDescriptor.java:376) ~[junit-jupiter-engine-5.9.3.jar:5.9.3]
	at org.junit.jupiter.engine.descriptor.ClassBasedTestDescriptor.lambda$instantiateAndPostProcessTestInstance$6(ClassBasedTestDescriptor.java:289) ~[junit-jupiter-engine-5.9.3.jar:5.9.3]
	at org.junit.platform.engine.support.hierarchical.ThrowableCollector.execute(ThrowableCollector.java:73) ~[junit-platform-engine-1.9.3.jar:1.9.3]
	at org.junit.jupiter.engine.descriptor.ClassBasedTestDescriptor.instantiateAndPostProcessTestInstance(ClassBasedTestDescriptor.java:288) ~[junit-jupiter-engine-5.9.3.jar:5.9.3]
	at org.junit.jupiter.engine.descriptor.ClassBasedTestDescriptor.lambda$testInstancesProvider$4(ClassBasedTestDescriptor.java:278) ~[junit-jupiter-engine-5.9.3.jar:5.9.3]
	at java.base/java.util.Optional.orElseGet(Optional.java:364) ~[na:na]
	at org.junit.jupiter.engine.descriptor.ClassBasedTestDescriptor.lambda$testInstancesProvider$5(ClassBasedTestDescriptor.java:277) ~[junit-jupiter-engine-5.9.3.jar:5.9.3]
	at org.junit.jupiter.engine.execution.TestInstancesProvider.getTestInstances(TestInstancesProvider.java:31) ~[junit-jupiter-engine-5.9.3.jar:5.9.3]
	at org.junit.jupiter.engine.descriptor.TestMethodTestDescriptor.lambda$prepare$0(TestMethodTestDescriptor.java:105) ~[junit-jupiter-engine-5.9.3.jar:5.9.3]
	at org.junit.platform.engine.support.hierarchical.ThrowableCollector.execute(ThrowableCollector.java:73) ~[junit-platform-engine-1.9.3.jar:1.9.3]
	at org.junit.jupiter.engine.descriptor.TestMethodTestDescriptor.prepare(TestMethodTestDescriptor.java:104) ~[junit-jupiter-engine-5.9.3.jar:5.9.3]
	at org.junit.jupiter.engine.descriptor.TestMethodTestDescriptor.prepare(TestMethodTestDescriptor.java:68) ~[junit-jupiter-engine-5.9.3.jar:5.9.3]
	at org.junit.platform.engine.support.hierarchical.NodeTestTask.lambda$prepare$2(NodeTestTask.java:123) ~[junit-platform-engine-1.9.3.jar:1.9.3]
	at org.junit.platform.engine.support.hierarchical.ThrowableCollector.execute(ThrowableCollector.java:73) ~[junit-platform-engine-1.9.3.jar:1.9.3]
	at org.junit.platform.engine.support.hierarchical.NodeTestTask.prepare(NodeTestTask.java:123) ~[junit-platform-engine-1.9.3.jar:1.9.3]
	at org.junit.platform.engine.support.hierarchical.NodeTestTask.execute(NodeTestTask.java:90) ~[junit-platform-engine-1.9.3.jar:1.9.3]
	at java.base/java.util.ArrayList.forEach(ArrayList.java:1596) ~[na:na]
	at org.junit.platform.engine.support.hierarchical.SameThreadHierarchicalTestExecutorService.invokeAll(SameThreadHierarchicalTestExecutorService.java:41) ~[junit-platform-engine-1.9.3.jar:1.9.3]
	at org.junit.platform.engine.support.hierarchical.NodeTestTask.lambda$executeRecursively$6(NodeTestTask.java:155) ~[junit-platform-engine-1.9.3.jar:1.9.3]
	at org.junit.platform.engine.support.hierarchical.ThrowableCollector.execute(ThrowableCollector.java:73) ~[junit-platform-engine-1.9.3.jar:1.9.3]
	at org.junit.platform.engine.support.hierarchical.NodeTestTask.lambda$executeRecursively$8(NodeTestTask.java:141) ~[junit-platform-engine-1.9.3.jar:1.9.3]
	at org.junit.platform.engine.support.hierarchical.Node.around(Node.java:137) ~[junit-platform-engine-1.9.3.jar:1.9.3]
	at org.junit.platform.engine.support.hierarchical.NodeTestTask.lambda$executeRecursively$9(NodeTestTask.java:139) ~[junit-platform-engine-1.9.3.jar:1.9.3]
	at org.junit.platform.engine.support.hierarchical.ThrowableCollector.execute(ThrowableCollector.java:73) ~[junit-platform-engine-1.9.3.jar:1.9.3]
	at org.junit.platform.engine.support.hierarchical.NodeTestTask.executeRecursively(NodeTestTask.java:138) ~[junit-platform-engine-1.9.3.jar:1.9.3]
	at org.junit.platform.engine.support.hierarchical.NodeTestTask.execute(NodeTestTask.java:95) ~[junit-platform-engine-1.9.3.jar:1.9.3]
	at java.base/java.util.ArrayList.forEach(ArrayList.java:1596) ~[na:na]
	at org.junit.platform.engine.support.hierarchical.SameThreadHierarchicalTestExecutorService.invokeAll(SameThreadHierarchicalTestExecutorService.java:41) ~[junit-platform-engine-1.9.3.jar:1.9.3]
	at org.junit.platform.engine.support.hierarchical.NodeTestTask.lambda$executeRecursively$6(NodeTestTask.java:155) ~[junit-platform-engine-1.9.3.jar:1.9.3]
	at org.junit.platform.engine.support.hierarchical.ThrowableCollector.execute(ThrowableCollector.java:73) ~[junit-platform-engine-1.9.3.jar:1.9.3]
	at org.junit.platform.engine.support.hierarchical.NodeTestTask.lambda$executeRecursively$8(NodeTestTask.java:141) ~[junit-platform-engine-1.9.3.jar:1.9.3]
	at org.junit.platform.engine.support.hierarchical.Node.around(Node.java:137) ~[junit-platform-engine-1.9.3.jar:1.9.3]
	at org.junit.platform.engine.support.hierarchical.NodeTestTask.lambda$executeRecursively$9(NodeTestTask.java:139) ~[junit-platform-engine-1.9.3.jar:1.9.3]
	at org.junit.platform.engine.support.hierarchical.ThrowableCollector.execute(ThrowableCollector.java:73) ~[junit-platform-engine-1.9.3.jar:1.9.3]
	at org.junit.platform.engine.support.hierarchical.NodeTestTask.executeRecursively(NodeTestTask.java:138) ~[junit-platform-engine-1.9.3.jar:1.9.3]
	at org.junit.platform.engine.support.hierarchical.NodeTestTask.execute(NodeTestTask.java:95) ~[junit-platform-engine-1.9.3.jar:1.9.3]
	at org.junit.platform.engine.support.hierarchical.SameThreadHierarchicalTestExecutorService.submit(SameThreadHierarchicalTestExecutorService.java:35) ~[junit-platform-engine-1.9.3.jar:1.9.3]
	at org.junit.platform.engine.support.hierarchical.HierarchicalTestExecutor.execute(HierarchicalTestExecutor.java:57) ~[junit-platform-engine-1.9.3.jar:1.9.3]
	at org.junit.platform.engine.support.hierarchical.HierarchicalTestEngine.execute(HierarchicalTestEngine.java:54) ~[junit-platform-engine-1.9.3.jar:1.9.3]
	at org.junit.platform.launcher.core.EngineExecutionOrchestrator.execute(EngineExecutionOrchestrator.java:147) ~[junit-platform-launcher-1.9.3.jar:1.9.3]
	at org.junit.platform.launcher.core.EngineExecutionOrchestrator.execute(EngineExecutionOrchestrator.java:127) ~[junit-platform-launcher-1.9.3.jar:1.9.3]
	at org.junit.platform.launcher.core.EngineExecutionOrchestrator.execute(EngineExecutionOrchestrator.java:90) ~[junit-platform-launcher-1.9.3.jar:1.9.3]
	at org.junit.platform.launcher.core.EngineExecutionOrchestrator.lambda$execute$0(EngineExecutionOrchestrator.java:55) ~[junit-platform-launcher-1.9.3.jar:1.9.3]
	at org.junit.platform.launcher.core.EngineExecutionOrchestrator.withInterceptedStreams(EngineExecutionOrchestrator.java:102) ~[junit-platform-launcher-1.9.3.jar:1.9.3]
	at org.junit.platform.launcher.core.EngineExecutionOrchestrator.execute(EngineExecutionOrchestrator.java:54) ~[junit-platform-launcher-1.9.3.jar:1.9.3]
	at org.junit.platform.launcher.core.DefaultLauncher.execute(DefaultLauncher.java:114) ~[junit-platform-launcher-1.9.3.jar:1.9.3]
	at org.junit.platform.launcher.core.DefaultLauncher.execute(DefaultLauncher.java:86) ~[junit-platform-launcher-1.9.3.jar:1.9.3]
	at org.junit.platform.launcher.core.DefaultLauncherSession$DelegatingLauncher.execute(DefaultLauncherSession.java:86) ~[junit-platform-launcher-1.9.3.jar:1.9.3]
	at org.apache.maven.surefire.junitplatform.LazyLauncher.execute(LazyLauncher.java:50) ~[surefire-junit-platform-3.0.0.jar:3.0.0]
	at org.apache.maven.surefire.junitplatform.JUnitPlatformProvider.execute(JUnitPlatformProvider.java:184) ~[surefire-junit-platform-3.0.0.jar:3.0.0]
	at org.apache.maven.surefire.junitplatform.JUnitPlatformProvider.invokeAllTests(JUnitPlatformProvider.java:148) ~[surefire-junit-platform-3.0.0.jar:3.0.0]
	at org.apache.maven.surefire.junitplatform.JUnitPlatformProvider.invoke(JUnitPlatformProvider.java:122) ~[surefire-junit-platform-3.0.0.jar:3.0.0]
	at org.apache.maven.surefire.booter.ForkedBooter.runSuitesInProcess(ForkedBooter.java:385) ~[surefire-booter-3.0.0.jar:3.0.0]
	at org.apache.maven.surefire.booter.ForkedBooter.execute(ForkedBooter.java:162) ~[surefire-booter-3.0.0.jar:3.0.0]
	at org.apache.maven.surefire.booter.ForkedBooter.run(ForkedBooter.java:507) ~[surefire-booter-3.0.0.jar:3.0.0]
	at org.apache.maven.surefire.booter.ForkedBooter.main(ForkedBooter.java:495) ~[surefire-booter-3.0.0.jar:3.0.0]
Caused by: org.h2.jdbc.JdbcSQLSyntaxErrorException: Index "IDX_TRAN_ID" already exists; SQL statement:

    create index idx_tran_id 
       on txn_hist_acct (tr [42111-214]
	at org.h2.message.DbException.getJdbcSQLException(DbException.java:502) ~[h2-2.1.214.jar:2.1.214]
	at org.h2.message.DbException.getJdbcSQLException(DbException.java:477) ~[h2-2.1.214.jar:2.1.214]
	at org.h2.message.DbException.get(DbException.java:223) ~[h2-2.1.214.jar:2.1.214]
	at org.h2.message.DbException.get(DbException.java:199) ~[h2-2.1.214.jar:2.1.214]
	at org.h2.command.ddl.CreateIndex.update(CreateIndex.java:74) ~[h2-2.1.214.jar:2.1.214]
	at org.h2.command.CommandContainer.update(CommandContainer.java:169) ~[h2-2.1.214.jar:2.1.214]
	at org.h2.command.Command.executeUpdate(Command.java:252) ~[h2-2.1.214.jar:2.1.214]
	at org.h2.jdbc.JdbcStatement.executeInternal(JdbcStatement.java:252) ~[h2-2.1.214.jar:2.1.214]
	at org.h2.jdbc.JdbcStatement.execute(JdbcStatement.java:223) ~[h2-2.1.214.jar:2.1.214]
	at com.zaxxer.hikari.pool.ProxyStatement.execute(ProxyStatement.java:94) ~[HikariCP-5.0.1.jar:na]
	at com.zaxxer.hikari.pool.HikariProxyStatement.execute(HikariProxyStatement.java) ~[HikariCP-5.0.1.jar:na]
	at org.hibernate.tool.schema.internal.exec.GenerationTargetToDatabase.accept(GenerationTargetToDatabase.java:80) ~[hibernate-core-6.2.13.Final.jar:6.2.13.Final]
	... 118 common frames omitted
2026-01-27 17:11:42 [main] DEBUG org.hibernate.SQL [] - 
    alter table if exists account_seq 
       add constraint FKvm338t4c9r5mjuihtfihtvt2 
       foreign key (gl_num) 
       references gl_setup
Hibernate: 
    alter table if exists account_seq 
       add constraint FKvm338t4c9r5mjuihtfihtvt2 
       foreign key (gl_num) 
       references gl_setup
2026-01-27 17:11:42 [main] DEBUG org.hibernate.SQL [] - 
    alter table if exists acct_bal_accrual 
       add constraint FKa1hj2s0ynapoa0cpcxtsc4cp3 
       foreign key (account_no) 
       references cust_acct_master
Hibernate: 
    alter table if exists acct_bal_accrual 
       add constraint FKa1hj2s0ynapoa0cpcxtsc4cp3 
       foreign key (account_no) 
       references cust_acct_master
2026-01-27 17:11:42 [main] DEBUG org.hibernate.SQL [] - 
    alter table if exists cust_acct_master 
       add constraint FKrhncccvlnjc8qeui6osucydh9 
       foreign key (cust_id) 
       references cust_master
Hibernate: 
    alter table if exists cust_acct_master 
       add constraint FKrhncccvlnjc8qeui6osucydh9 
       foreign key (cust_id) 
       references cust_master
2026-01-27 17:11:42 [main] DEBUG org.hibernate.SQL [] - 
    alter table if exists cust_acct_master 
       add constraint FKg6lsaaf8t62pajynapwp79i22 
       foreign key (sub_product_id) 
       references sub_prod_master
Hibernate: 
    alter table if exists cust_acct_master 
       add constraint FKg6lsaaf8t62pajynapwp79i22 
       foreign key (sub_product_id) 
       references sub_prod_master
2026-01-27 17:11:42 [main] DEBUG org.hibernate.SQL [] - 
    alter table if exists gl_balance 
       add constraint FKl9y0vv9b4gmunbg4pki35rtcv 
       foreign key (gl_num) 
       references gl_setup
Hibernate: 
    alter table if exists gl_balance 
       add constraint FKl9y0vv9b4gmunbg4pki35rtcv 
       foreign key (gl_num) 
       references gl_setup
2026-01-27 17:11:42 [main] DEBUG org.hibernate.SQL [] - 
    alter table if exists gl_movement 
       add constraint FKab4pthk39vka929la1dnx5hkp 
       foreign key (gl_num) 
       references gl_setup
Hibernate: 
    alter table if exists gl_movement 
       add constraint FKab4pthk39vka929la1dnx5hkp 
       foreign key (gl_num) 
       references gl_setup
2026-01-27 17:11:42 [main] DEBUG org.hibernate.SQL [] - 
    alter table if exists gl_movement 
       add constraint FKfjxt1e7ka35bl3c9qvd6xs2wv 
       foreign key (tran_id) 
       references tran_table
Hibernate: 
    alter table if exists gl_movement 
       add constraint FKfjxt1e7ka35bl3c9qvd6xs2wv 
       foreign key (tran_id) 
       references tran_table
2026-01-27 17:11:42 [main] DEBUG org.hibernate.SQL [] - 
    alter table if exists gl_movement_accrual 
       add constraint FKhs7lwoetl3uvvkhthqidfg111 
       foreign key (accr_tran_id) 
       references intt_accr_tran
Hibernate: 
    alter table if exists gl_movement_accrual 
       add constraint FKhs7lwoetl3uvvkhthqidfg111 
       foreign key (accr_tran_id) 
       references intt_accr_tran
2026-01-27 17:11:42 [main] DEBUG org.hibernate.SQL [] - 
    alter table if exists gl_movement_accrual 
       add constraint FKdpiq7utwa84kovm54finvpsg9 
       foreign key (gl_num) 
       references gl_setup
Hibernate: 
    alter table if exists gl_movement_accrual 
       add constraint FKdpiq7utwa84kovm54finvpsg9 
       foreign key (gl_num) 
       references gl_setup
2026-01-27 17:11:42 [main] DEBUG org.hibernate.SQL [] - 
    alter table if exists of_acct_master 
       add constraint FKn1k8lkf9vvmm2mnsty0agvdkd 
       foreign key (sub_product_id) 
       references sub_prod_master
Hibernate: 
    alter table if exists of_acct_master 
       add constraint FKn1k8lkf9vvmm2mnsty0agvdkd 
       foreign key (sub_product_id) 
       references sub_prod_master
2026-01-27 17:11:42 [main] DEBUG org.hibernate.SQL [] - 
    alter table if exists sub_prod_master 
       add constraint FKovwkwt3sfptrq94b1c16w1jbe 
       foreign key (product_id) 
       references prod_master
Hibernate: 
    alter table if exists sub_prod_master 
       add constraint FKovwkwt3sfptrq94b1c16w1jbe 
       foreign key (product_id) 
       references prod_master
2026-01-27 17:11:42 [main] INFO  o.s.o.j.LocalContainerEntityManagerFactoryBean [] - Initialized JPA EntityManagerFactory for persistence unit 'default'
2026-01-27 17:11:43 [main] INFO  o.s.d.j.r.query.QueryEnhancerFactory [] - Hibernate is in classpath; If applicable, HQL parser will be used.
CORS Allowed Origins: [http://localhost:3000, http://localhost:4173, http://localhost:5173, http://localhost:5174, http://localhost:5175, http://localhost:5176, http://localhost:5177, http://localhost:5178, https://cbs3.vercel.app, https://moneymarket.duckdns.org]
2026-01-27 17:11:52 [main] WARN  o.s.b.a.o.j.JpaBaseConfiguration$JpaWebConfiguration [] - spring.jpa.open-in-view is enabled by default. Therefore, database queries may be performed during view rendering. Explicitly configure spring.jpa.open-in-view to disable this warning
2026-01-27 17:11:54 [main] INFO  o.s.b.a.e.web.EndpointLinksResolver [] - Exposing 3 endpoint(s) beneath base path '/actuator'
2026-01-27 17:11:54 [main] INFO  c.e.m.integration.EODIntegrationTest [] - Started EODIntegrationTest in 22.319 seconds (process running for 41.85)
2026-01-27 17:11:54 [main] DEBUG org.hibernate.SQL [] - 
    insert 
    into
        parameter_table
        (last_updated,parameter_description,parameter_name,parameter_value,updated_by,parameter_id) 
    values
        (?,?,?,?,?,default)
Hibernate: 
    insert 
    into
        parameter_table
        (last_updated,parameter_description,parameter_name,parameter_value,updated_by,parameter_id) 
    values
        (?,?,?,?,?,default)
2026-01-27 17:11:54 [main] DEBUG org.hibernate.SQL [] - 
    insert 
    into
        parameter_table
        (last_updated,parameter_description,parameter_name,parameter_value,updated_by,parameter_id) 
    values
        (?,?,?,?,?,default)
Hibernate: 
    insert 
    into
        parameter_table
        (last_updated,parameter_description,parameter_name,parameter_value,updated_by,parameter_id) 
    values
        (?,?,?,?,?,default)
2026-01-27 17:11:54 [main] DEBUG org.hibernate.SQL [] - 
    select
        t1_0.tran_id,
        t1_0.account_no,
        t1_0.credit_amount,
        t1_0.debit_amount,
        t1_0.dr_cr_flag,
        t1_0.exchange_rate,
        t1_0.fcy_amt,
        t1_0.lcy_amt,
        t1_0.narration,
        t1_0.pointing_id,
        t1_0.tran_ccy,
        t1_0.tran_date,
        t1_0.tran_status,
        t1_0.udf1,
        t1_0.value_date,
        g1_0.tran_id,
        g1_0.movement_id,
        g1_0.amount,
        g1_0.balance_after,
        g1_0.dr_cr_flag,
        g1_0.fcy_amt,
        g1_0.gl_num,
        g1_0.lcy_amt,
        g1_0.narration,
        g1_0.tran_ccy,
        g1_0.tran_date,
        g1_0.value_date 
    from
        tran_table t1_0 
    left join
        gl_movement g1_0 
            on t1_0.tran_id=g1_0.tran_id 
    where
        t1_0.tran_id=?
Hibernate: 
    select
        t1_0.tran_id,
        t1_0.account_no,
        t1_0.credit_amount,
        t1_0.debit_amount,
        t1_0.dr_cr_flag,
        t1_0.exchange_rate,
        t1_0.fcy_amt,
        t1_0.lcy_amt,
        t1_0.narration,
        t1_0.pointing_id,
        t1_0.tran_ccy,
        t1_0.tran_date,
        t1_0.tran_status,
        t1_0.udf1,
        t1_0.value_date,
        g1_0.tran_id,
        g1_0.movement_id,
        g1_0.amount,
        g1_0.balance_after,
        g1_0.dr_cr_flag,
        g1_0.fcy_amt,
        g1_0.gl_num,
        g1_0.lcy_amt,
        g1_0.narration,
        g1_0.tran_ccy,
        g1_0.tran_date,
        g1_0.value_date 
    from
        tran_table t1_0 
    left join
        gl_movement g1_0 
            on t1_0.tran_id=g1_0.tran_id 
    where
        t1_0.tran_id=?
2026-01-27 17:11:54 [main] DEBUG org.hibernate.SQL [] - 
    select
        t1_0.tran_id,
        t1_0.account_no,
        t1_0.credit_amount,
        t1_0.debit_amount,
        t1_0.dr_cr_flag,
        t1_0.exchange_rate,
        t1_0.fcy_amt,
        t1_0.lcy_amt,
        t1_0.narration,
        t1_0.pointing_id,
        t1_0.tran_ccy,
        t1_0.tran_date,
        t1_0.tran_status,
        t1_0.udf1,
        t1_0.value_date,
        g1_0.tran_id,
        g1_0.movement_id,
        g1_0.amount,
        g1_0.balance_after,
        g1_0.dr_cr_flag,
        g1_0.fcy_amt,
        g1_0.gl_num,
        g1_0.lcy_amt,
        g1_0.narration,
        g1_0.tran_ccy,
        g1_0.tran_date,
        g1_0.value_date 
    from
        tran_table t1_0 
    left join
        gl_movement g1_0 
            on t1_0.tran_id=g1_0.tran_id 
    where
        t1_0.tran_id=?
Hibernate: 
    select
        t1_0.tran_id,
        t1_0.account_no,
        t1_0.credit_amount,
        t1_0.debit_amount,
        t1_0.dr_cr_flag,
        t1_0.exchange_rate,
        t1_0.fcy_amt,
        t1_0.lcy_amt,
        t1_0.narration,
        t1_0.pointing_id,
        t1_0.tran_ccy,
        t1_0.tran_date,
        t1_0.tran_status,
        t1_0.udf1,
        t1_0.value_date,
        g1_0.tran_id,
        g1_0.movement_id,
        g1_0.amount,
        g1_0.balance_after,
        g1_0.dr_cr_flag,
        g1_0.fcy_amt,
        g1_0.gl_num,
        g1_0.lcy_amt,
        g1_0.narration,
        g1_0.tran_ccy,
        g1_0.tran_date,
        g1_0.value_date 
    from
        tran_table t1_0 
    left join
        gl_movement g1_0 
            on t1_0.tran_id=g1_0.tran_id 
    where
        t1_0.tran_id=?
2026-01-27 17:11:54 [main] INFO  c.e.m.s.EODOrchestrationService [] - === STARTING EOD PROCESS (9 Batch Jobs) ===
2026-01-27 17:11:54 [main] INFO  c.e.m.s.EODOrchestrationService [] - EOD initiated by user: ADMIN
2026-01-27 17:11:54 [main] DEBUG org.hibernate.SQL [] - 
    select
        p1_0.parameter_value 
    from
        parameter_table p1_0 
    where
        p1_0.parameter_name='System_Date'
Hibernate: 
    select
        p1_0.parameter_value 
    from
        parameter_table p1_0 
    where
        p1_0.parameter_name='System_Date'
2026-01-27 17:11:54 [main] DEBUG c.e.m.service.SystemDateService [] - Retrieved System_Date from Parameter_Table: 2024-01-15
2026-01-27 17:11:54 [main] INFO  c.e.m.s.EODOrchestrationService [] - Starting pre-EOD validations for system date: 2024-01-15
2026-01-27 17:11:54 [main] INFO  c.e.m.service.EODValidationService [] - Starting pre-EOD validations for user: ADMIN, system date: 2024-01-15
2026-01-27 17:11:54 [main] INFO  c.e.m.service.EODValidationService [] - Validating EOD admin user: ADMIN
2026-01-27 17:11:54 [main] DEBUG org.hibernate.SQL [] - 
    select
        p1_0.parameter_value 
    from
        parameter_table p1_0 
    where
        p1_0.parameter_name='EOD_Admin_User'
Hibernate: 
    select
        p1_0.parameter_value 
    from
        parameter_table p1_0 
    where
        p1_0.parameter_name='EOD_Admin_User'
2026-01-27 17:11:54 [main] INFO  c.e.m.service.EODValidationService [] - EOD admin user validation passed
2026-01-27 17:11:54 [main] INFO  c.e.m.service.EODValidationService [] - Validating no transactions in 'Entry' status for system date: 2024-01-15
2026-01-27 17:11:54 [main] DEBUG org.hibernate.SQL [] - 
    insert 
    into
        tran_table
        (account_no,credit_amount,debit_amount,dr_cr_flag,exchange_rate,fcy_amt,lcy_amt,narration,pointing_id,tran_ccy,tran_date,tran_status,udf1,value_date,tran_id) 
    values
        (?,?,?,?,?,?,?,?,?,?,?,?,?,?,?)
Hibernate: 
    insert 
    into
        tran_table
        (account_no,credit_amount,debit_amount,dr_cr_flag,exchange_rate,fcy_amt,lcy_amt,narration,pointing_id,tran_ccy,tran_date,tran_status,udf1,value_date,tran_id) 
    values
        (?,?,?,?,?,?,?,?,?,?,?,?,?,?,?)
2026-01-27 17:11:54 [main] DEBUG org.hibernate.SQL [] - 
    insert 
    into
        tran_table
        (account_no,credit_amount,debit_amount,dr_cr_flag,exchange_rate,fcy_amt,lcy_amt,narration,pointing_id,tran_ccy,tran_date,tran_status,udf1,value_date,tran_id) 
    values
        (?,?,?,?,?,?,?,?,?,?,?,?,?,?,?)
Hibernate: 
    insert 
    into
        tran_table
        (account_no,credit_amount,debit_amount,dr_cr_flag,exchange_rate,fcy_amt,lcy_amt,narration,pointing_id,tran_ccy,tran_date,tran_status,udf1,value_date,tran_id) 
    values
        (?,?,?,?,?,?,?,?,?,?,?,?,?,?,?)
2026-01-27 17:11:54 [main] DEBUG org.hibernate.SQL [] - 
    update
        tran_table 
    set
        account_no=?,
        credit_amount=?,
        debit_amount=?,
        dr_cr_flag=?,
        exchange_rate=?,
        fcy_amt=?,
        lcy_amt=?,
        narration=?,
        pointing_id=?,
        tran_ccy=?,
        tran_date=?,
        tran_status=?,
        udf1=?,
        value_date=? 
    where
        tran_id=?
Hibernate: 
    update
        tran_table 
    set
        account_no=?,
        credit_amount=?,
        debit_amount=?,
        dr_cr_flag=?,
        exchange_rate=?,
        fcy_amt=?,
        lcy_amt=?,
        narration=?,
        pointing_id=?,
        tran_ccy=?,
        tran_date=?,
        tran_status=?,
        udf1=?,
        value_date=? 
    where
        tran_id=?
2026-01-27 17:11:54 [main] DEBUG org.hibernate.SQL [] - 
    select
        t1_0.tran_id,
        t1_0.account_no,
        t1_0.credit_amount,
        t1_0.debit_amount,
        t1_0.dr_cr_flag,
        t1_0.exchange_rate,
        t1_0.fcy_amt,
        t1_0.lcy_amt,
        t1_0.narration,
        t1_0.pointing_id,
        t1_0.tran_ccy,
        t1_0.tran_date,
        t1_0.tran_status,
        t1_0.udf1,
        t1_0.value_date 
    from
        tran_table t1_0 
    where
        t1_0.tran_date between ? and ?
Hibernate: 
    select
        t1_0.tran_id,
        t1_0.account_no,
        t1_0.credit_amount,
        t1_0.debit_amount,
        t1_0.dr_cr_flag,
        t1_0.exchange_rate,
        t1_0.fcy_amt,
        t1_0.lcy_amt,
        t1_0.narration,
        t1_0.pointing_id,
        t1_0.tran_ccy,
        t1_0.tran_date,
        t1_0.tran_status,
        t1_0.udf1,
        t1_0.value_date 
    from
        tran_table t1_0 
    where
        t1_0.tran_date between ? and ?
2026-01-27 17:11:54 [main] INFO  c.e.m.service.EODValidationService [] - No transactions in 'Entry' status found - validation passed
2026-01-27 17:11:54 [main] INFO  c.e.m.service.EODValidationService [] - Validating debit-credit balance for system date: 2024-01-15
2026-01-27 17:11:54 [main] DEBUG org.hibernate.SQL [] - 
    select
        t1_0.tran_id,
        t1_0.account_no,
        t1_0.credit_amount,
        t1_0.debit_amount,
        t1_0.dr_cr_flag,
        t1_0.exchange_rate,
        t1_0.fcy_amt,
        t1_0.lcy_amt,
        t1_0.narration,
        t1_0.pointing_id,
        t1_0.tran_ccy,
        t1_0.tran_date,
        t1_0.tran_status,
        t1_0.udf1,
        t1_0.value_date 
    from
        tran_table t1_0 
    where
        t1_0.tran_date between ? and ?
Hibernate: 
    select
        t1_0.tran_id,
        t1_0.account_no,
        t1_0.credit_amount,
        t1_0.debit_amount,
        t1_0.dr_cr_flag,
        t1_0.exchange_rate,
        t1_0.fcy_amt,
        t1_0.lcy_amt,
        t1_0.narration,
        t1_0.pointing_id,
        t1_0.tran_ccy,
        t1_0.tran_date,
        t1_0.tran_status,
        t1_0.udf1,
        t1_0.value_date 
    from
        tran_table t1_0 
    where
        t1_0.tran_date between ? and ?
2026-01-27 17:11:54 [main] INFO  c.e.m.service.EODValidationService [] - Total Debit: 1000.00, Total Credit: 500.00
2026-01-27 17:11:54 [main] ERROR c.e.m.service.EODValidationService [] - Debit-Credit balance mismatch for system date 2024-01-15. Total Debit: 1000.00, Total Credit: 500.00, Difference: 500.00
2026-01-27 17:11:54 [main] ERROR c.e.m.s.EODOrchestrationService [] - Pre-EOD validations failed: Debit-Credit balance mismatch for system date 2024-01-15. Total Debit: 1000.00, Total Credit: 500.00, Difference: 500.00
2026-01-27 17:11:54 [main] DEBUG org.hibernate.SQL [] - 
    select
        p1_0.parameter_value 
    from
        parameter_table p1_0 
    where
        p1_0.parameter_name='System_Date'
Hibernate: 
    select
        p1_0.parameter_value 
    from
        parameter_table p1_0 
    where
        p1_0.parameter_name='System_Date'
2026-01-27 17:11:54 [main] DEBUG c.e.m.service.SystemDateService [] - Retrieved System_Date from Parameter_Table: 2024-01-15
2026-01-27 17:11:54 [main] DEBUG c.e.m.service.SystemDateService [] - Generated System_DateTime: 2024-01-15T17:11:54.976807600
2026-01-27 17:11:54 [main] DEBUG org.hibernate.SQL [] - 
    select
        p1_0.parameter_value 
    from
        parameter_table p1_0 
    where
        p1_0.parameter_name='System_Date'
Hibernate: 
    select
        p1_0.parameter_value 
    from
        parameter_table p1_0 
    where
        p1_0.parameter_name='System_Date'
2026-01-27 17:11:54 [main] DEBUG c.e.m.service.SystemDateService [] - Retrieved System_Date from Parameter_Table: 2024-01-15
2026-01-27 17:11:54 [main] DEBUG c.e.m.service.SystemDateService [] - Generated System_DateTime: 2024-01-15T17:11:54.976807600
2026-01-27 17:11:54 [main] DEBUG org.hibernate.SQL [] - 
    select
        p1_0.parameter_value 
    from
        parameter_table p1_0 
    where
        p1_0.parameter_name='System_Date'
Hibernate: 
    select
        p1_0.parameter_value 
    from
        parameter_table p1_0 
    where
        p1_0.parameter_name='System_Date'
2026-01-27 17:11:54 [main] DEBUG c.e.m.service.SystemDateService [] - Retrieved System_Date from Parameter_Table: 2024-01-15
2026-01-27 17:11:54 [main] DEBUG c.e.m.service.SystemDateService [] - Generated System_DateTime: 2024-01-15T17:11:54.976807600
[...]
Hibernate: 
    select
        w1_0.wae_id,
        w1_0.ccy_pair,
        w1_0.fcy_balance,
        w1_0.lcy_balance,
        w1_0.source_gl,
        w1_0.updated_on,
        w1_0.wae_rate 
    from
        wae_master w1_0 
    where
        w1_0.ccy_pair=?
2026-01-27 17:11:55 [main] DEBUG c.e.m.service.RevaluationService [] - WAE Master not found for USD/BDT, skipping revaluation of GL 220302001
2026-01-27 17:11:55 [main] DEBUG org.hibernate.SQL [] - 
    select
        w1_0.wae_id,
        w1_0.ccy_pair,
        w1_0.fcy_balance,
        w1_0.lcy_balance,
        w1_0.source_gl,
        w1_0.updated_on,
        w1_0.wae_rate 
    from
        wae_master w1_0 
    where
        w1_0.ccy_pair=?
Hibernate: 
    select
        w1_0.wae_id,
        w1_0.ccy_pair,
        w1_0.fcy_balance,
        w1_0.lcy_balance,
        w1_0.source_gl,
        w1_0.updated_on,
        w1_0.wae_rate 
    from
        wae_master w1_0 
    where
        w1_0.ccy_pair=?
2026-01-27 17:11:55 [main] DEBUG c.e.m.service.RevaluationService [] - WAE Master not found for EUR/BDT, skipping revaluation of GL 220303001
2026-01-27 17:11:55 [main] DEBUG org.hibernate.SQL [] - 
    select
        w1_0.wae_id,
        w1_0.ccy_pair,
        w1_0.fcy_balance,
        w1_0.lcy_balance,
        w1_0.source_gl,
        w1_0.updated_on,
        w1_0.wae_rate 
    from
        wae_master w1_0 
    where
        w1_0.ccy_pair=?
Hibernate: 
    select
        w1_0.wae_id,
        w1_0.ccy_pair,
        w1_0.fcy_balance,
        w1_0.lcy_balance,
        w1_0.source_gl,
        w1_0.updated_on,
        w1_0.wae_rate 
    from
        wae_master w1_0 
    where
        w1_0.ccy_pair=?
2026-01-27 17:11:55 [main] DEBUG c.e.m.service.RevaluationService [] - WAE Master not found for GBP/BDT, skipping revaluation of GL 220304001
2026-01-27 17:11:55 [main] DEBUG org.hibernate.SQL [] - 
    select
        w1_0.wae_id,
        w1_0.ccy_pair,
        w1_0.fcy_balance,
        w1_0.lcy_balance,
        w1_0.source_gl,
        w1_0.updated_on,
        w1_0.wae_rate 
    from
        wae_master w1_0 
    where
        w1_0.ccy_pair=?
Hibernate: 
    select
        w1_0.wae_id,
        w1_0.ccy_pair,
        w1_0.fcy_balance,
        w1_0.lcy_balance,
        w1_0.source_gl,
        w1_0.updated_on,
        w1_0.wae_rate 
    from
        wae_master w1_0 
    where
        w1_0.ccy_pair=?
2026-01-27 17:11:55 [main] DEBUG c.e.m.service.RevaluationService [] - WAE Master not found for JPY/BDT, skipping revaluation of GL 220305001
2026-01-27 17:11:55 [main] DEBUG org.hibernate.SQL [] - 
    select
        c1_0.account_no,
        c1_0.account_ccy,
        c1_0.account_status,
        c1_0.acct_name,
        c1_0.branch_code,
        c1_0.cust_name,
        c1_0.cust_id,
        c1_0.date_closure,
        c1_0.date_maturity,
        c1_0.date_opening,
        c1_0.gl_num,
        c1_0.loan_limit,
        c1_0.sub_product_id,
        c1_0.tenor 
    from
        cust_acct_master c1_0
Hibernate: 
    select
        c1_0.account_no,
        c1_0.account_ccy,
        c1_0.account_status,
        c1_0.acct_name,
        c1_0.branch_code,
        c1_0.cust_name,
        c1_0.cust_id,
        c1_0.date_closure,
        c1_0.date_maturity,
        c1_0.date_opening,
        c1_0.gl_num,
        c1_0.loan_limit,
        c1_0.sub_product_id,
        c1_0.tenor 
    from
        cust_acct_master c1_0
2026-01-27 17:11:55 [main] INFO  c.e.m.service.RevaluationService [] - EOD revaluation completed: 0 entries, Total Gain: 0, Total Loss: 0
2026-01-27 17:11:55 [main] DEBUG org.hibernate.SQL [] - 
    select
        p1_0.parameter_value 
    from
        parameter_table p1_0 
    where
        p1_0.parameter_name='System_Date'
Hibernate: 
    select
        p1_0.parameter_value 
    from
        parameter_table p1_0 
    where
        p1_0.parameter_name='System_Date'
2026-01-27 17:11:55 [main] DEBUG c.e.m.service.SystemDateService [] - Retrieved System_Date from Parameter_Table: 2024-01-15
2026-01-27 17:11:55 [main] DEBUG c.e.m.service.SystemDateService [] - Generated System_DateTime: 2024-01-15T17:11:55.766301800
2026-01-27 17:11:55 [main] DEBUG org.hibernate.SQL [] - 
    select
        p1_0.parameter_value 
    from
        parameter_table p1_0 
    where
        p1_0.parameter_name='System_Date'
Hibernate: 
    select
        p1_0.parameter_value 
    from
        parameter_table p1_0 
    where
        p1_0.parameter_name='System_Date'
2026-01-27 17:11:55 [main] DEBUG c.e.m.service.SystemDateService [] - Retrieved System_Date from Parameter_Table: 2024-01-15
2026-01-27 17:11:55 [main] DEBUG c.e.m.service.SystemDateService [] - Generated System_DateTime: 2024-01-15T17:11:55.766301800
2026-01-27 17:11:55 [main] DEBUG org.hibernate.SQL [] - 
    select
        p1_0.parameter_value 
    from
        parameter_table p1_0 
    where
        p1_0.parameter_name='System_Date'
Hibernate: 
    select
        p1_0.parameter_value 
    from
        parameter_table p1_0 
    where
        p1_0.parameter_name='System_Date'
2026-01-27 17:11:55 [main] DEBUG c.e.m.service.SystemDateService [] - Retrieved System_Date from Parameter_Table: 2024-01-15
2026-01-27 17:11:55 [main] DEBUG c.e.m.service.SystemDateService [] - Generated System_DateTime: 2024-01-15T17:11:55.766301800
2026-01-27 17:11:55 [main] DEBUG org.hibernate.SQL [] - 
    insert 
    into
        eod_log_table
        (created_timestamp,end_timestamp,eod_date,error_message,failed_at_step,job_name,records_processed,start_timestamp,status,system_date,user_id,eod_log_id) 
    values
        (?,?,?,?,?,?,?,?,?,?,?,default)
Hibernate: 
    insert 
    into
        eod_log_table
        (created_timestamp,end_timestamp,eod_date,error_message,failed_at_step,job_name,records_processed,start_timestamp,status,system_date,user_id,eod_log_id) 
    values
        (?,?,?,?,?,?,?,?,?,?,?,default)
2026-01-27 17:11:55 [main] INFO  c.e.m.s.EODOrchestrationService [] - Batch Job 7 completed successfully. Revaluation entries posted: 0, Total Gain: 0, Total Loss: 0
2026-01-27 17:11:55 [main] INFO  c.e.m.s.EODOrchestrationService [] - Starting Batch Job 8: Financial Reports Generation
2026-01-27 17:11:55 [main] INFO  c.e.m.s.FinancialReportsService [] - Starting Batch Job 7: Financial Reports Generation for date: 2024-01-15
2026-01-27 17:11:55 [main] INFO  c.e.m.s.FinancialReportsService [] - Batch Job 7 completed successfully. Reports can be downloaded for date: 20240115
2026-01-27 17:11:55 [main] DEBUG org.hibernate.SQL [] - 
    select
        p1_0.parameter_value 
    from
        parameter_table p1_0 
    where
        p1_0.parameter_name='System_Date'
Hibernate: 
    select
        p1_0.parameter_value 
    from
        parameter_table p1_0 
    where
        p1_0.parameter_name='System_Date'
2026-01-27 17:11:55 [main] DEBUG c.e.m.service.SystemDateService [] - Retrieved System_Date from Parameter_Table: 2024-01-15
2026-01-27 17:11:55 [main] DEBUG c.e.m.service.SystemDateService [] - Generated System_DateTime: 2024-01-15T17:11:55.766301800
2026-01-27 17:11:55 [main] DEBUG org.hibernate.SQL [] - 
    select
        p1_0.parameter_value 
    from
        parameter_table p1_0 
    where
        p1_0.parameter_name='System_Date'
Hibernate: 
    select
        p1_0.parameter_value 
    from
        parameter_table p1_0 
    where
        p1_0.parameter_name='System_Date'
2026-01-27 17:11:55 [main] DEBUG c.e.m.service.SystemDateService [] - Retrieved System_Date from Parameter_Table: 2024-01-15
2026-01-27 17:11:55 [main] DEBUG c.e.m.service.SystemDateService [] - Generated System_DateTime: 2024-01-15T17:11:55.766301800
2026-01-27 17:11:55 [main] DEBUG org.hibernate.SQL [] - 
    select
        p1_0.parameter_value 
    from
        parameter_table p1_0 
    where
        p1_0.parameter_name='System_Date'
Hibernate: 
    select
        p1_0.parameter_value 
    from
        parameter_table p1_0 
    where
        p1_0.parameter_name='System_Date'
2026-01-27 17:11:55 [main] DEBUG c.e.m.service.SystemDateService [] - Retrieved System_Date from Parameter_Table: 2024-01-15
2026-01-27 17:11:55 [main] DEBUG c.e.m.service.SystemDateService [] - Generated System_DateTime: 2024-01-15T17:11:55.781935800
2026-01-27 17:11:55 [main] DEBUG org.hibernate.SQL [] - 
    insert 
    into
        eod_log_table
        (created_timestamp,end_timestamp,eod_date,error_message,failed_at_step,job_name,records_processed,start_timestamp,status,system_date,user_id,eod_log_id) 
    values
        (?,?,?,?,?,?,?,?,?,?,?,default)
Hibernate: 
    insert 
    into
        eod_log_table
        (created_timestamp,end_timestamp,eod_date,error_message,failed_at_step,job_name,records_processed,start_timestamp,status,system_date,user_id,eod_log_id) 
    values
        (?,?,?,?,?,?,?,?,?,?,?,default)
2026-01-27 17:11:55 [main] INFO  c.e.m.s.EODOrchestrationService [] - Batch Job 8 completed successfully. Reports generated: {reportDate=20240115, success=true, message=Reports can be downloaded on-demand (Trial Balance, Balance Sheet, Subproduct GL Balance)}
2026-01-27 17:11:55 [main] INFO  c.e.m.s.EODOrchestrationService [] - Starting Batch Job 9: System Date Increment
2026-01-27 17:11:55 [main] DEBUG org.hibernate.SQL [] - 
    select
        p1_0.parameter_id,
        p1_0.last_updated,
        p1_0.parameter_description,
        p1_0.parameter_name,
        p1_0.parameter_value,
        p1_0.updated_by 
    from
        parameter_table p1_0 
    where
        p1_0.parameter_name=?
Hibernate: 
    select
        p1_0.parameter_id,
        p1_0.last_updated,
        p1_0.parameter_description,
        p1_0.parameter_name,
        p1_0.parameter_value,
        p1_0.updated_by 
    from
        parameter_table p1_0 
    where
        p1_0.parameter_name=?
2026-01-27 17:11:55 [main] DEBUG org.hibernate.SQL [] - 
    update
        parameter_table 
    set
        last_updated=?,
        parameter_description=?,
        parameter_name=?,
        parameter_value=?,
        updated_by=? 
    where
        parameter_id=?
Hibernate: 
    update
        parameter_table 
    set
        last_updated=?,
        parameter_description=?,
        parameter_name=?,
        parameter_value=?,
        updated_by=? 
    where
        parameter_id=?
2026-01-27 17:11:55 [main] DEBUG org.hibernate.SQL [] - 
    select
        p1_0.parameter_value 
    from
        parameter_table p1_0 
    where
        p1_0.parameter_name='System_Date'
Hibernate: 
    select
        p1_0.parameter_value 
    from
        parameter_table p1_0 
    where
        p1_0.parameter_name='System_Date'
2026-01-27 17:11:55 [main] DEBUG c.e.m.service.SystemDateService [] - Retrieved System_Date from Parameter_Table: 2024-01-16
2026-01-27 17:11:55 [main] DEBUG c.e.m.service.SystemDateService [] - Generated System_DateTime: 2024-01-16T17:11:55.797569900
2026-01-27 17:11:55 [main] DEBUG org.hibernate.SQL [] - 
    update
        parameter_table 
    set
        last_updated=?,
        parameter_description=?,
        parameter_name=?,
        parameter_value=?,
        updated_by=? 
    where
        parameter_id=?
Hibernate: 
    update
        parameter_table 
    set
        last_updated=?,
        parameter_description=?,
        parameter_name=?,
        parameter_value=?,
        updated_by=? 
    where
        parameter_id=?
2026-01-27 17:11:55 [main] DEBUG org.hibernate.SQL [] - 
    select
        p1_0.parameter_id,
        p1_0.last_updated,
        p1_0.parameter_description,
        p1_0.parameter_name,
        p1_0.parameter_value,
        p1_0.updated_by 
    from
        parameter_table p1_0 
    where
        p1_0.parameter_name=?
Hibernate: 
    select
        p1_0.parameter_id,
        p1_0.last_updated,
        p1_0.parameter_description,
        p1_0.parameter_name,
        p1_0.parameter_value,
        p1_0.updated_by 
    from
        parameter_table p1_0 
    where
        p1_0.parameter_name=?
2026-01-27 17:11:55 [main] DEBUG org.hibernate.SQL [] - 
    select
        p1_0.parameter_value 
    from
        parameter_table p1_0 
    where
        p1_0.parameter_name='System_Date'
Hibernate: 
    select
        p1_0.parameter_value 
    from
        parameter_table p1_0 
    where
        p1_0.parameter_name='System_Date'
2026-01-27 17:11:55 [main] DEBUG c.e.m.service.SystemDateService [] - Retrieved System_Date from Parameter_Table: 2024-01-16
2026-01-27 17:11:55 [main] DEBUG c.e.m.service.SystemDateService [] - Generated System_DateTime: 2024-01-16T17:11:55.813188
2026-01-27 17:11:55 [main] DEBUG org.hibernate.SQL [] - 
    select
        p1_0.parameter_id,
        p1_0.last_updated,
        p1_0.parameter_description,
        p1_0.parameter_name,
        p1_0.parameter_value,
        p1_0.updated_by 
    from
        parameter_table p1_0 
    where
        p1_0.parameter_name=?
Hibernate: 
    select
        p1_0.parameter_id,
        p1_0.last_updated,
        p1_0.parameter_description,
        p1_0.parameter_name,
        p1_0.parameter_value,
        p1_0.updated_by 
    from
        parameter_table p1_0 
    where
        p1_0.parameter_name=?
2026-01-27 17:11:55 [main] DEBUG org.hibernate.SQL [] - 
    select
        p1_0.parameter_id,
        p1_0.last_updated,
        p1_0.parameter_description,
        p1_0.parameter_name,
        p1_0.parameter_value,
        p1_0.updated_by 
    from
        parameter_table p1_0 
    where
        p1_0.parameter_name=?
Hibernate: 
    select
        p1_0.parameter_id,
        p1_0.last_updated,
        p1_0.parameter_description,
        p1_0.parameter_name,
        p1_0.parameter_value,
        p1_0.updated_by 
    from
        parameter_table p1_0 
    where
        p1_0.parameter_name=?
2026-01-27 17:11:55 [main] DEBUG org.hibernate.SQL [] - 
    select
        p1_0.parameter_value 
    from
        parameter_table p1_0 
    where
        p1_0.parameter_name='System_Date'
Hibernate: 
    select
        p1_0.parameter_value 
    from
        parameter_table p1_0 
    where
        p1_0.parameter_name='System_Date'
2026-01-27 17:11:55 [main] DEBUG c.e.m.service.SystemDateService [] - Retrieved System_Date from Parameter_Table: 2024-01-16
2026-01-27 17:11:55 [main] DEBUG c.e.m.service.SystemDateService [] - Generated System_DateTime: 2024-01-16T17:11:55.813188
2026-01-27 17:11:55 [main] DEBUG org.hibernate.SQL [] - 
    select
        p1_0.parameter_value 
    from
        parameter_table p1_0 
    where
        p1_0.parameter_name='System_Date'
Hibernate: 
    select
        p1_0.parameter_value 
    from
        parameter_table p1_0 
    where
        p1_0.parameter_name='System_Date'
2026-01-27 17:11:55 [main] DEBUG c.e.m.service.SystemDateService [] - Retrieved System_Date from Parameter_Table: 2024-01-16
2026-01-27 17:11:55 [main] DEBUG c.e.m.service.SystemDateService [] - Generated System_DateTime: 2024-01-16T17:11:55.828807700
2026-01-27 17:11:55 [main] DEBUG org.hibernate.SQL [] - 
    select
        p1_0.parameter_value 
    from
        parameter_table p1_0 
    where
        p1_0.parameter_name='System_Date'
Hibernate: 
    select
        p1_0.parameter_value 
    from
        parameter_table p1_0 
    where
        p1_0.parameter_name='System_Date'
2026-01-27 17:11:55 [main] DEBUG c.e.m.service.SystemDateService [] - Retrieved System_Date from Parameter_Table: 2024-01-16
2026-01-27 17:11:55 [main] DEBUG c.e.m.service.SystemDateService [] - Generated System_DateTime: 2024-01-16T17:11:55.828807700
2026-01-27 17:11:55 [main] DEBUG org.hibernate.SQL [] - 
    insert 
    into
        eod_log_table
        (created_timestamp,end_timestamp,eod_date,error_message,failed_at_step,job_name,records_processed,start_timestamp,status,system_date,user_id,eod_log_id) 
    values
        (?,?,?,?,?,?,?,?,?,?,?,default)
Hibernate: 
    insert 
    into
        eod_log_table
        (created_timestamp,end_timestamp,eod_date,error_message,failed_at_step,job_name,records_processed,start_timestamp,status,system_date,user_id,eod_log_id) 
    values
        (?,?,?,?,?,?,?,?,?,?,?,default)
2026-01-27 17:11:55 [main] INFO  c.e.m.s.EODOrchestrationService [] - Batch Job 9 completed successfully. System date incremented from 2024-01-15 to 2024-01-16
2026-01-27 17:11:55 [main] DEBUG org.hibernate.SQL [] - 
    select
        p1_0.parameter_value 
    from
        parameter_table p1_0 
    where
        p1_0.parameter_name='System_Date'
Hibernate: 
    select
        p1_0.parameter_value 
    from
        parameter_table p1_0 
    where
        p1_0.parameter_name='System_Date'
2026-01-27 17:11:55 [main] DEBUG c.e.m.service.SystemDateService [] - Retrieved System_Date from Parameter_Table: 2024-01-16
2026-01-27 17:11:55 [main] DEBUG c.e.m.service.SystemDateService [] - Generated System_DateTime: 2024-01-16T17:11:55.860058700
2026-01-27 17:11:55 [main] DEBUG org.hibernate.SQL [] - 
    select
        p1_0.parameter_value 
    from
        parameter_table p1_0 
    where
        p1_0.parameter_name='System_Date'
Hibernate: 
    select
        p1_0.parameter_value 
    from
        parameter_table p1_0 
    where
        p1_0.parameter_name='System_Date'
2026-01-27 17:11:55 [main] DEBUG c.e.m.service.SystemDateService [] - Retrieved System_Date from Parameter_Table: 2024-01-16
2026-01-27 17:11:55 [main] DEBUG c.e.m.service.SystemDateService [] - Generated System_DateTime: 2024-01-16T17:11:55.860058700
2026-01-27 17:11:55 [main] DEBUG org.hibernate.SQL [] - 
    select
        p1_0.parameter_value 
    from
        parameter_table p1_0 
    where
        p1_0.parameter_name='System_Date'
Hibernate: 
    select
        p1_0.parameter_value 
    from
        parameter_table p1_0 
    where
        p1_0.parameter_name='System_Date'
2026-01-27 17:11:55 [main] DEBUG c.e.m.service.SystemDateService [] - Retrieved System_Date from Parameter_Table: 2024-01-16
2026-01-27 17:11:55 [main] DEBUG c.e.m.service.SystemDateService [] - Generated System_DateTime: 2024-01-16T17:11:55.891306200
2026-01-27 17:11:55 [main] DEBUG org.hibernate.SQL [] - 
    insert 
    into
        eod_log_table
        (created_timestamp,end_timestamp,eod_date,error_message,failed_at_step,job_name,records_processed,start_timestamp,status,system_date,user_id,eod_log_id) 
    values
        (?,?,?,?,?,?,?,?,?,?,?,default)
Hibernate: 
    insert 
    into
        eod_log_table
        (created_timestamp,end_timestamp,eod_date,error_message,failed_at_step,job_name,records_processed,start_timestamp,status,system_date,user_id,eod_log_id) 
    values
        (?,?,?,?,?,?,?,?,?,?,?,default)
2026-01-27 17:11:55 [main] INFO  c.e.m.s.EODOrchestrationService [] - === EOD PROCESS COMPLETED SUCCESSFULLY ===
2026-01-27 17:11:55 [main] DEBUG org.hibernate.SQL [] - 
    select
        p1_0.parameter_value 
    from
        parameter_table p1_0 
    where
        p1_0.parameter_name='System_Date'
Hibernate: 
    select
        p1_0.parameter_value 
    from
        parameter_table p1_0 
    where
        p1_0.parameter_name='System_Date'
2026-01-27 17:11:55 [main] DEBUG c.e.m.service.SystemDateService [] - Retrieved System_Date from Parameter_Table: 2024-01-16
2026-01-27 17:11:55 [main] DEBUG org.hibernate.SQL [] - 
    select
        e1_0.eod_log_id,
        e1_0.created_timestamp,
        e1_0.end_timestamp,
        e1_0.eod_date,
        e1_0.error_message,
        e1_0.failed_at_step,
        e1_0.job_name,
        e1_0.records_processed,
        e1_0.start_timestamp,
        e1_0.status,
        e1_0.system_date,
        e1_0.user_id 
    from
        eod_log_table e1_0 
    where
        e1_0.eod_date=?
Hibernate: 
    select
        e1_0.eod_log_id,
        e1_0.created_timestamp,
        e1_0.end_timestamp,
        e1_0.eod_date,
        e1_0.error_message,
        e1_0.failed_at_step,
        e1_0.job_name,
        e1_0.records_processed,
        e1_0.start_timestamp,
        e1_0.status,
        e1_0.system_date,
        e1_0.user_id 
    from
        eod_log_table e1_0 
    where
        e1_0.eod_date=?
]]></system-out>
  </testcase>
</testsuite>